::1 - - [15/May/2022:11:25:31 +0000] "GET /api/locations HTTP/1.1" 500 33 "http://localhost:3000/" "Mozilla/5.0 (Windows NT 10.0; Win64; x64) AppleWebKit/537.36 (KHTML, like Gecko) Chrome/101.0.4951.54 Safari/537.36"
::1 - - [15/May/2022:11:30:32 +0000] "GET /api/locations HTTP/1.1" 200 161 "http://localhost:3000/" "Mozilla/5.0 (Windows NT 10.0; Win64; x64) AppleWebKit/537.36 (KHTML, like Gecko) Chrome/101.0.4951.54 Safari/537.36"
::1 - - [15/May/2022:11:35:00 +0000] "GET /api/bus/search?endLocation=624b62e41afea10cdcbafa0b&journeyDate=2022-05-16&startLocation=624b63081afea10cdcbafa10 HTTP/1.1" 200 2 "http://localhost:3000/" "Mozilla/5.0 (Windows NT 10.0; Win64; x64) AppleWebKit/537.36 (KHTML, like Gecko) Chrome/101.0.4951.54 Safari/537.36"
::1 - - [15/May/2022:11:35:03 +0000] "GET /api/locations HTTP/1.1" 304 - "http://localhost:3000/" "Mozilla/5.0 (Windows NT 10.0; Win64; x64) AppleWebKit/537.36 (KHTML, like Gecko) Chrome/101.0.4951.54 Safari/537.36"
::1 - - [15/May/2022:11:35:04 +0000] "GET /api/travels HTTP/1.1" 200 180 "http://localhost:3000/" "Mozilla/5.0 (Windows NT 10.0; Win64; x64) AppleWebKit/537.36 (KHTML, like Gecko) Chrome/101.0.4951.54 Safari/537.36"
::1 - - [15/May/2022:11:49:51 +0000] "OPTIONS /api/auth-owner/signin HTTP/1.1" 204 0 "http://localhost:3006/" "Mozilla/5.0 (Windows NT 10.0; Win64; x64) AppleWebKit/537.36 (KHTML, like Gecko) Chrome/101.0.4951.54 Safari/537.36"
::1 - - [15/May/2022:11:49:52 +0000] "POST /api/auth-owner/signin HTTP/1.1" 200 357 "http://localhost:3006/" "Mozilla/5.0 (Windows NT 10.0; Win64; x64) AppleWebKit/537.36 (KHTML, like Gecko) Chrome/101.0.4951.54 Safari/537.36"
::1 - - [15/May/2022:11:49:54 +0000] "OPTIONS /api/bus/all-bus-available HTTP/1.1" 204 0 "http://localhost:3006/" "Mozilla/5.0 (Windows NT 10.0; Win64; x64) AppleWebKit/537.36 (KHTML, like Gecko) Chrome/101.0.4951.54 Safari/537.36"
::1 - - [15/May/2022:11:49:54 +0000] "OPTIONS /api/owners HTTP/1.1" 204 0 "http://localhost:3006/" "Mozilla/5.0 (Windows NT 10.0; Win64; x64) AppleWebKit/537.36 (KHTML, like Gecko) Chrome/101.0.4951.54 Safari/537.36"
::1 - - [15/May/2022:11:49:54 +0000] "OPTIONS /api/bus/owner-bus-available HTTP/1.1" 204 0 "http://localhost:3006/" "Mozilla/5.0 (Windows NT 10.0; Win64; x64) AppleWebKit/537.36 (KHTML, like Gecko) Chrome/101.0.4951.54 Safari/537.36"
::1 - - [15/May/2022:11:49:54 +0000] "GET /api/uploads/null HTTP/1.1" 404 155 "http://localhost:3006/" "Mozilla/5.0 (Windows NT 10.0; Win64; x64) AppleWebKit/537.36 (KHTML, like Gecko) Chrome/101.0.4951.54 Safari/537.36"
::1 - - [15/May/2022:11:49:54 +0000] "OPTIONS /api/bookings/my HTTP/1.1" 204 0 "http://localhost:3006/" "Mozilla/5.0 (Windows NT 10.0; Win64; x64) AppleWebKit/537.36 (KHTML, like Gecko) Chrome/101.0.4951.54 Safari/537.36"
::1 - - [15/May/2022:11:49:56 +0000] "GET /api/owners HTTP/1.1" 200 382 "http://localhost:3006/" "Mozilla/5.0 (Windows NT 10.0; Win64; x64) AppleWebKit/537.36 (KHTML, like Gecko) Chrome/101.0.4951.54 Safari/537.36"
::1 - - [15/May/2022:11:49:56 +0000] "OPTIONS /api/guests HTTP/1.1" 204 0 "http://localhost:3006/" "Mozilla/5.0 (Windows NT 10.0; Win64; x64) AppleWebKit/537.36 (KHTML, like Gecko) Chrome/101.0.4951.54 Safari/537.36"
::1 - - [15/May/2022:11:49:58 +0000] "GET /api/bus/all-bus-available HTTP/1.1" 200 1297 "http://localhost:3006/" "Mozilla/5.0 (Windows NT 10.0; Win64; x64) AppleWebKit/537.36 (KHTML, like Gecko) Chrome/101.0.4951.54 Safari/537.36"
::1 - - [15/May/2022:11:49:58 +0000] "GET /api/guests HTTP/1.1" 200 796 "http://localhost:3006/" "Mozilla/5.0 (Windows NT 10.0; Win64; x64) AppleWebKit/537.36 (KHTML, like Gecko) Chrome/101.0.4951.54 Safari/537.36"
::1 - - [15/May/2022:11:49:58 +0000] "GET /api/bookings/my HTTP/1.1" 200 2 "http://localhost:3006/" "Mozilla/5.0 (Windows NT 10.0; Win64; x64) AppleWebKit/537.36 (KHTML, like Gecko) Chrome/101.0.4951.54 Safari/537.36"
::1 - - [15/May/2022:11:49:58 +0000] "OPTIONS /api/bus/all-bus-unavailable HTTP/1.1" 204 0 "http://localhost:3006/" "Mozilla/5.0 (Windows NT 10.0; Win64; x64) AppleWebKit/537.36 (KHTML, like Gecko) Chrome/101.0.4951.54 Safari/537.36"
::1 - - [15/May/2022:11:49:58 +0000] "OPTIONS /api/users HTTP/1.1" 204 0 "http://localhost:3006/" "Mozilla/5.0 (Windows NT 10.0; Win64; x64) AppleWebKit/537.36 (KHTML, like Gecko) Chrome/101.0.4951.54 Safari/537.36"
::1 - - [15/May/2022:11:49:58 +0000] "GET /api/bus/owner-bus-available HTTP/1.1" 200 590 "http://localhost:3006/" "Mozilla/5.0 (Windows NT 10.0; Win64; x64) AppleWebKit/537.36 (KHTML, like Gecko) Chrome/101.0.4951.54 Safari/537.36"
::1 - - [15/May/2022:11:49:58 +0000] "OPTIONS /api/bus/owner-bus-unavailable HTTP/1.1" 204 0 "http://localhost:3006/" "Mozilla/5.0 (Windows NT 10.0; Win64; x64) AppleWebKit/537.36 (KHTML, like Gecko) Chrome/101.0.4951.54 Safari/537.36"
::1 - - [15/May/2022:11:49:58 +0000] "GET /api/bus/all-bus-unavailable HTTP/1.1" 200 2 "http://localhost:3006/" "Mozilla/5.0 (Windows NT 10.0; Win64; x64) AppleWebKit/537.36 (KHTML, like Gecko) Chrome/101.0.4951.54 Safari/537.36"
::1 - - [15/May/2022:11:49:58 +0000] "GET /api/users HTTP/1.1" 200 2 "http://localhost:3006/" "Mozilla/5.0 (Windows NT 10.0; Win64; x64) AppleWebKit/537.36 (KHTML, like Gecko) Chrome/101.0.4951.54 Safari/537.36"
::1 - - [15/May/2022:11:49:58 +0000] "GET /api/bus/owner-bus-unavailable HTTP/1.1" 200 2 "http://localhost:3006/" "Mozilla/5.0 (Windows NT 10.0; Win64; x64) AppleWebKit/537.36 (KHTML, like Gecko) Chrome/101.0.4951.54 Safari/537.36"
::1 - - [15/May/2022:11:50:09 +0000] "OPTIONS /api/bookings/all HTTP/1.1" 204 0 "http://localhost:3006/" "Mozilla/5.0 (Windows NT 10.0; Win64; x64) AppleWebKit/537.36 (KHTML, like Gecko) Chrome/101.0.4951.54 Safari/537.36"
::1 - - [15/May/2022:11:50:09 +0000] "GET /api/uploads/null HTTP/1.1" 404 155 "http://localhost:3006/" "Mozilla/5.0 (Windows NT 10.0; Win64; x64) AppleWebKit/537.36 (KHTML, like Gecko) Chrome/101.0.4951.54 Safari/537.36"
::1 - - [15/May/2022:11:50:09 +0000] "GET /api/bookings/all HTTP/1.1" 200 7170 "http://localhost:3006/" "Mozilla/5.0 (Windows NT 10.0; Win64; x64) AppleWebKit/537.36 (KHTML, like Gecko) Chrome/101.0.4951.54 Safari/537.36"
::1 - - [15/May/2022:11:50:09 +0000] "GET /api/uploads/busimage/resized/image-1649111727437.png HTTP/1.1" 404 191 "http://localhost:3006/" "Mozilla/5.0 (Windows NT 10.0; Win64; x64) AppleWebKit/537.36 (KHTML, like Gecko) Chrome/101.0.4951.54 Safari/537.36"
::1 - - [15/May/2022:11:50:19 +0000] "GET /api/uploads/null HTTP/1.1" 404 155 "http://localhost:3006/" "Mozilla/5.0 (Windows NT 10.0; Win64; x64) AppleWebKit/537.36 (KHTML, like Gecko) Chrome/101.0.4951.54 Safari/537.36"
::1 - - [15/May/2022:11:50:19 +0000] "OPTIONS /api/bus/all-bus-available HTTP/1.1" 204 0 "http://localhost:3006/" "Mozilla/5.0 (Windows NT 10.0; Win64; x64) AppleWebKit/537.36 (KHTML, like Gecko) Chrome/101.0.4951.54 Safari/537.36"
::1 - - [15/May/2022:11:50:20 +0000] "GET /api/bus/all-bus-available HTTP/1.1" 304 - "http://localhost:3006/" "Mozilla/5.0 (Windows NT 10.0; Win64; x64) AppleWebKit/537.36 (KHTML, like Gecko) Chrome/101.0.4951.54 Safari/537.36"
::1 - - [15/May/2022:11:50:44 +0000] "GET /api/uploads/null HTTP/1.1" 404 155 "http://localhost:3006/" "Mozilla/5.0 (Windows NT 10.0; Win64; x64) AppleWebKit/537.36 (KHTML, like Gecko) Chrome/101.0.4951.54 Safari/537.36"
::1 - - [15/May/2022:11:50:44 +0000] "OPTIONS /api/bus/all-bus-available HTTP/1.1" 204 0 "http://localhost:3006/" "Mozilla/5.0 (Windows NT 10.0; Win64; x64) AppleWebKit/537.36 (KHTML, like Gecko) Chrome/101.0.4951.54 Safari/537.36"
::1 - - [15/May/2022:11:50:45 +0000] "GET /api/bus/all-bus-available HTTP/1.1" 304 - "http://localhost:3006/" "Mozilla/5.0 (Windows NT 10.0; Win64; x64) AppleWebKit/537.36 (KHTML, like Gecko) Chrome/101.0.4951.54 Safari/537.36"
::1 - - [15/May/2022:11:50:49 +0000] "GET /api/uploads/null HTTP/1.1" 404 155 "http://localhost:3006/" "Mozilla/5.0 (Windows NT 10.0; Win64; x64) AppleWebKit/537.36 (KHTML, like Gecko) Chrome/101.0.4951.54 Safari/537.36"
::1 - - [15/May/2022:11:50:49 +0000] "OPTIONS /api/bookings/all HTTP/1.1" 204 0 "http://localhost:3006/" "Mozilla/5.0 (Windows NT 10.0; Win64; x64) AppleWebKit/537.36 (KHTML, like Gecko) Chrome/101.0.4951.54 Safari/537.36"
::1 - - [15/May/2022:11:50:50 +0000] "GET /api/bookings/all HTTP/1.1" 304 - "http://localhost:3006/" "Mozilla/5.0 (Windows NT 10.0; Win64; x64) AppleWebKit/537.36 (KHTML, like Gecko) Chrome/101.0.4951.54 Safari/537.36"
::1 - - [15/May/2022:11:50:50 +0000] "GET /api/uploads/busimage/resized/image-1649111727437.png HTTP/1.1" 404 191 "http://localhost:3006/" "Mozilla/5.0 (Windows NT 10.0; Win64; x64) AppleWebKit/537.36 (KHTML, like Gecko) Chrome/101.0.4951.54 Safari/537.36"
::1 - - [15/May/2022:11:51:07 +0000] "GET /api/uploads/null HTTP/1.1" 404 155 "http://localhost:3006/" "Mozilla/5.0 (Windows NT 10.0; Win64; x64) AppleWebKit/537.36 (KHTML, like Gecko) Chrome/101.0.4951.54 Safari/537.36"
::1 - - [15/May/2022:11:51:07 +0000] "OPTIONS /api/bookings/all HTTP/1.1" 204 0 "http://localhost:3006/" "Mozilla/5.0 (Windows NT 10.0; Win64; x64) AppleWebKit/537.36 (KHTML, like Gecko) Chrome/101.0.4951.54 Safari/537.36"
::1 - - [15/May/2022:11:51:08 +0000] "GET /api/bookings/all HTTP/1.1" 304 - "http://localhost:3006/" "Mozilla/5.0 (Windows NT 10.0; Win64; x64) AppleWebKit/537.36 (KHTML, like Gecko) Chrome/101.0.4951.54 Safari/537.36"
::1 - - [15/May/2022:11:51:09 +0000] "GET /api/uploads/busimage/resized/image-1649111727437.png HTTP/1.1" 404 191 "http://localhost:3006/" "Mozilla/5.0 (Windows NT 10.0; Win64; x64) AppleWebKit/537.36 (KHTML, like Gecko) Chrome/101.0.4951.54 Safari/537.36"
::1 - - [15/May/2022:11:51:10 +0000] "GET /api/uploads/null HTTP/1.1" 404 155 "http://localhost:3006/" "Mozilla/5.0 (Windows NT 10.0; Win64; x64) AppleWebKit/537.36 (KHTML, like Gecko) Chrome/101.0.4951.54 Safari/537.36"
::1 - - [15/May/2022:11:51:10 +0000] "OPTIONS /api/bus/owner-bus-available HTTP/1.1" 204 0 "http://localhost:3006/" "Mozilla/5.0 (Windows NT 10.0; Win64; x64) AppleWebKit/537.36 (KHTML, like Gecko) Chrome/101.0.4951.54 Safari/537.36"
::1 - - [15/May/2022:11:51:11 +0000] "GET /api/bus/owner-bus-available HTTP/1.1" 304 - "http://localhost:3006/" "Mozilla/5.0 (Windows NT 10.0; Win64; x64) AppleWebKit/537.36 (KHTML, like Gecko) Chrome/101.0.4951.54 Safari/537.36"
::1 - - [15/May/2022:11:51:11 +0000] "GET /api/uploads/busimage/resized/image-1649109276852.png HTTP/1.1" 404 191 "http://localhost:3006/" "Mozilla/5.0 (Windows NT 10.0; Win64; x64) AppleWebKit/537.36 (KHTML, like Gecko) Chrome/101.0.4951.54 Safari/537.36"
::1 - - [15/May/2022:11:51:19 +0000] "GET /api/uploads/null HTTP/1.1" 404 155 "http://localhost:3006/" "Mozilla/5.0 (Windows NT 10.0; Win64; x64) AppleWebKit/537.36 (KHTML, like Gecko) Chrome/101.0.4951.54 Safari/537.36"
::1 - - [15/May/2022:11:51:19 +0000] "OPTIONS /api/owners HTTP/1.1" 204 0 "http://localhost:3006/" "Mozilla/5.0 (Windows NT 10.0; Win64; x64) AppleWebKit/537.36 (KHTML, like Gecko) Chrome/101.0.4951.54 Safari/537.36"
::1 - - [15/May/2022:11:51:19 +0000] "GET /api/owners HTTP/1.1" 304 - "http://localhost:3006/" "Mozilla/5.0 (Windows NT 10.0; Win64; x64) AppleWebKit/537.36 (KHTML, like Gecko) Chrome/101.0.4951.54 Safari/537.36"
::1 - - [15/May/2022:11:51:26 +0000] "GET /api/uploads/null HTTP/1.1" 404 155 "http://localhost:3006/" "Mozilla/5.0 (Windows NT 10.0; Win64; x64) AppleWebKit/537.36 (KHTML, like Gecko) Chrome/101.0.4951.54 Safari/537.36"
::1 - - [15/May/2022:11:51:26 +0000] "OPTIONS /api/users HTTP/1.1" 204 0 "http://localhost:3006/" "Mozilla/5.0 (Windows NT 10.0; Win64; x64) AppleWebKit/537.36 (KHTML, like Gecko) Chrome/101.0.4951.54 Safari/537.36"
::1 - - [15/May/2022:11:51:26 +0000] "GET /api/users HTTP/1.1" 304 - "http://localhost:3006/" "Mozilla/5.0 (Windows NT 10.0; Win64; x64) AppleWebKit/537.36 (KHTML, like Gecko) Chrome/101.0.4951.54 Safari/537.36"
::1 - - [15/May/2022:11:51:30 +0000] "OPTIONS /api/guests HTTP/1.1" 204 0 "http://localhost:3006/" "Mozilla/5.0 (Windows NT 10.0; Win64; x64) AppleWebKit/537.36 (KHTML, like Gecko) Chrome/101.0.4951.54 Safari/537.36"
::1 - - [15/May/2022:11:51:30 +0000] "GET /api/uploads/null HTTP/1.1" 404 155 "http://localhost:3006/" "Mozilla/5.0 (Windows NT 10.0; Win64; x64) AppleWebKit/537.36 (KHTML, like Gecko) Chrome/101.0.4951.54 Safari/537.36"
::1 - - [15/May/2022:11:51:30 +0000] "GET /api/guests HTTP/1.1" 304 - "http://localhost:3006/" "Mozilla/5.0 (Windows NT 10.0; Win64; x64) AppleWebKit/537.36 (KHTML, like Gecko) Chrome/101.0.4951.54 Safari/537.36"
::1 - - [15/May/2022:11:51:35 +0000] "GET /api/uploads/null HTTP/1.1" 404 155 "http://localhost:3006/" "Mozilla/5.0 (Windows NT 10.0; Win64; x64) AppleWebKit/537.36 (KHTML, like Gecko) Chrome/101.0.4951.54 Safari/537.36"
::1 - - [15/May/2022:11:51:35 +0000] "OPTIONS /api/travels HTTP/1.1" 204 0 "http://localhost:3006/" "Mozilla/5.0 (Windows NT 10.0; Win64; x64) AppleWebKit/537.36 (KHTML, like Gecko) Chrome/101.0.4951.54 Safari/537.36"
::1 - - [15/May/2022:11:51:35 +0000] "GET /api/travels HTTP/1.1" 304 - "http://localhost:3006/" "Mozilla/5.0 (Windows NT 10.0; Win64; x64) AppleWebKit/537.36 (KHTML, like Gecko) Chrome/101.0.4951.54 Safari/537.36"
::1 - - [15/May/2022:11:51:41 +0000] "GET /api/uploads/null HTTP/1.1" 404 155 "http://localhost:3006/" "Mozilla/5.0 (Windows NT 10.0; Win64; x64) AppleWebKit/537.36 (KHTML, like Gecko) Chrome/101.0.4951.54 Safari/537.36"
::1 - - [15/May/2022:11:51:41 +0000] "OPTIONS /api/locations HTTP/1.1" 204 0 "http://localhost:3006/" "Mozilla/5.0 (Windows NT 10.0; Win64; x64) AppleWebKit/537.36 (KHTML, like Gecko) Chrome/101.0.4951.54 Safari/537.36"
::1 - - [15/May/2022:11:51:41 +0000] "GET /api/locations HTTP/1.1" 304 - "http://localhost:3006/" "Mozilla/5.0 (Windows NT 10.0; Win64; x64) AppleWebKit/537.36 (KHTML, like Gecko) Chrome/101.0.4951.54 Safari/537.36"
::1 - - [15/May/2022:12:05:03 +0000] "GET /api/uploads/null HTTP/1.1" 404 155 "http://localhost:3006/" "Mozilla/5.0 (Windows NT 10.0; Win64; x64) AppleWebKit/537.36 (KHTML, like Gecko) Chrome/101.0.4951.54 Safari/537.36"
::1 - - [15/May/2022:12:05:18 +0000] "OPTIONS /api/locations HTTP/1.1" 204 0 "http://localhost:3006/" "Mozilla/5.0 (Windows NT 10.0; Win64; x64) AppleWebKit/537.36 (KHTML, like Gecko) Chrome/101.0.4951.54 Safari/537.36"
::1 - - [15/May/2022:12:05:18 +0000] "POST /api/locations HTTP/1.1" 200 77 "http://localhost:3006/" "Mozilla/5.0 (Windows NT 10.0; Win64; x64) AppleWebKit/537.36 (KHTML, like Gecko) Chrome/101.0.4951.54 Safari/537.36"
::1 - - [15/May/2022:12:05:18 +0000] "GET /api/uploads/null HTTP/1.1" 404 155 "http://localhost:3006/" "Mozilla/5.0 (Windows NT 10.0; Win64; x64) AppleWebKit/537.36 (KHTML, like Gecko) Chrome/101.0.4951.54 Safari/537.36"
::1 - - [15/May/2022:12:05:19 +0000] "GET /api/locations HTTP/1.1" 200 239 "http://localhost:3006/" "Mozilla/5.0 (Windows NT 10.0; Win64; x64) AppleWebKit/537.36 (KHTML, like Gecko) Chrome/101.0.4951.54 Safari/537.36"
::1 - - [15/May/2022:12:05:21 +0000] "GET /api/uploads/null HTTP/1.1" 404 155 "http://localhost:3006/" "Mozilla/5.0 (Windows NT 10.0; Win64; x64) AppleWebKit/537.36 (KHTML, like Gecko) Chrome/101.0.4951.54 Safari/537.36"
::1 - - [15/May/2022:12:05:37 +0000] "OPTIONS /api/locations HTTP/1.1" 204 0 "http://localhost:3006/" "Mozilla/5.0 (Windows NT 10.0; Win64; x64) AppleWebKit/537.36 (KHTML, like Gecko) Chrome/101.0.4951.54 Safari/537.36"
::1 - - [15/May/2022:12:05:37 +0000] "POST /api/locations HTTP/1.1" 200 82 "http://localhost:3006/" "Mozilla/5.0 (Windows NT 10.0; Win64; x64) AppleWebKit/537.36 (KHTML, like Gecko) Chrome/101.0.4951.54 Safari/537.36"
::1 - - [15/May/2022:12:05:37 +0000] "GET /api/uploads/null HTTP/1.1" 404 155 "http://localhost:3006/" "Mozilla/5.0 (Windows NT 10.0; Win64; x64) AppleWebKit/537.36 (KHTML, like Gecko) Chrome/101.0.4951.54 Safari/537.36"
::1 - - [15/May/2022:12:05:38 +0000] "GET /api/locations HTTP/1.1" 200 322 "http://localhost:3006/" "Mozilla/5.0 (Windows NT 10.0; Win64; x64) AppleWebKit/537.36 (KHTML, like Gecko) Chrome/101.0.4951.54 Safari/537.36"
::1 - - [15/May/2022:12:05:40 +0000] "GET /api/uploads/null HTTP/1.1" 404 155 "http://localhost:3006/" "Mozilla/5.0 (Windows NT 10.0; Win64; x64) AppleWebKit/537.36 (KHTML, like Gecko) Chrome/101.0.4951.54 Safari/537.36"
::1 - - [15/May/2022:12:05:54 +0000] "OPTIONS /api/locations HTTP/1.1" 204 0 "http://localhost:3006/" "Mozilla/5.0 (Windows NT 10.0; Win64; x64) AppleWebKit/537.36 (KHTML, like Gecko) Chrome/101.0.4951.54 Safari/537.36"
::1 - - [15/May/2022:12:05:54 +0000] "POST /api/locations HTTP/1.1" 200 78 "http://localhost:3006/" "Mozilla/5.0 (Windows NT 10.0; Win64; x64) AppleWebKit/537.36 (KHTML, like Gecko) Chrome/101.0.4951.54 Safari/537.36"
::1 - - [15/May/2022:12:05:54 +0000] "GET /api/uploads/null HTTP/1.1" 404 155 "http://localhost:3006/" "Mozilla/5.0 (Windows NT 10.0; Win64; x64) AppleWebKit/537.36 (KHTML, like Gecko) Chrome/101.0.4951.54 Safari/537.36"
::1 - - [15/May/2022:12:05:54 +0000] "GET /api/locations HTTP/1.1" 200 401 "http://localhost:3006/" "Mozilla/5.0 (Windows NT 10.0; Win64; x64) AppleWebKit/537.36 (KHTML, like Gecko) Chrome/101.0.4951.54 Safari/537.36"
::1 - - [15/May/2022:12:06:02 +0000] "OPTIONS /api/locations/6280eca200f67831885d3b0c HTTP/1.1" 204 0 "http://localhost:3006/" "Mozilla/5.0 (Windows NT 10.0; Win64; x64) AppleWebKit/537.36 (KHTML, like Gecko) Chrome/101.0.4951.54 Safari/537.36"
::1 - - [15/May/2022:12:06:02 +0000] "DELETE /api/locations/6280eca200f67831885d3b0c HTTP/1.1" 200 43 "http://localhost:3006/" "Mozilla/5.0 (Windows NT 10.0; Win64; x64) AppleWebKit/537.36 (KHTML, like Gecko) Chrome/101.0.4951.54 Safari/537.36"
::1 - - [15/May/2022:12:06:02 +0000] "OPTIONS /api/locations HTTP/1.1" 204 0 "http://localhost:3006/" "Mozilla/5.0 (Windows NT 10.0; Win64; x64) AppleWebKit/537.36 (KHTML, like Gecko) Chrome/101.0.4951.54 Safari/537.36"
::1 - - [15/May/2022:12:06:03 +0000] "GET /api/locations HTTP/1.1" 200 322 "http://localhost:3006/" "Mozilla/5.0 (Windows NT 10.0; Win64; x64) AppleWebKit/537.36 (KHTML, like Gecko) Chrome/101.0.4951.54 Safari/537.36"
::1 - - [15/May/2022:12:06:05 +0000] "GET /api/uploads/null HTTP/1.1" 404 155 "http://localhost:3006/" "Mozilla/5.0 (Windows NT 10.0; Win64; x64) AppleWebKit/537.36 (KHTML, like Gecko) Chrome/101.0.4951.54 Safari/537.36"
::1 - - [15/May/2022:12:06:33 +0000] "OPTIONS /api/locations HTTP/1.1" 204 0 "http://localhost:3006/" "Mozilla/5.0 (Windows NT 10.0; Win64; x64) AppleWebKit/537.36 (KHTML, like Gecko) Chrome/101.0.4951.54 Safari/537.36"
::1 - - [15/May/2022:12:06:34 +0000] "POST /api/locations HTTP/1.1" 200 78 "http://localhost:3006/" "Mozilla/5.0 (Windows NT 10.0; Win64; x64) AppleWebKit/537.36 (KHTML, like Gecko) Chrome/101.0.4951.54 Safari/537.36"
::1 - - [15/May/2022:12:06:34 +0000] "GET /api/uploads/null HTTP/1.1" 404 155 "http://localhost:3006/" "Mozilla/5.0 (Windows NT 10.0; Win64; x64) AppleWebKit/537.36 (KHTML, like Gecko) Chrome/101.0.4951.54 Safari/537.36"
::1 - - [15/May/2022:12:06:34 +0000] "GET /api/locations HTTP/1.1" 200 401 "http://localhost:3006/" "Mozilla/5.0 (Windows NT 10.0; Win64; x64) AppleWebKit/537.36 (KHTML, like Gecko) Chrome/101.0.4951.54 Safari/537.36"
::1 - - [15/May/2022:12:06:38 +0000] "GET /api/uploads/null HTTP/1.1" 404 155 "http://localhost:3006/" "Mozilla/5.0 (Windows NT 10.0; Win64; x64) AppleWebKit/537.36 (KHTML, like Gecko) Chrome/101.0.4951.54 Safari/537.36"
::1 - - [15/May/2022:12:06:57 +0000] "OPTIONS /api/locations HTTP/1.1" 204 0 "http://localhost:3006/" "Mozilla/5.0 (Windows NT 10.0; Win64; x64) AppleWebKit/537.36 (KHTML, like Gecko) Chrome/101.0.4951.54 Safari/537.36"
::1 - - [15/May/2022:12:06:57 +0000] "POST /api/locations HTTP/1.1" 200 80 "http://localhost:3006/" "Mozilla/5.0 (Windows NT 10.0; Win64; x64) AppleWebKit/537.36 (KHTML, like Gecko) Chrome/101.0.4951.54 Safari/537.36"
::1 - - [15/May/2022:12:06:57 +0000] "GET /api/uploads/null HTTP/1.1" 404 155 "http://localhost:3006/" "Mozilla/5.0 (Windows NT 10.0; Win64; x64) AppleWebKit/537.36 (KHTML, like Gecko) Chrome/101.0.4951.54 Safari/537.36"
::1 - - [15/May/2022:12:06:58 +0000] "GET /api/locations HTTP/1.1" 200 482 "http://localhost:3006/" "Mozilla/5.0 (Windows NT 10.0; Win64; x64) AppleWebKit/537.36 (KHTML, like Gecko) Chrome/101.0.4951.54 Safari/537.36"
::1 - - [15/May/2022:12:07:00 +0000] "GET /api/uploads/null HTTP/1.1" 404 155 "http://localhost:3006/" "Mozilla/5.0 (Windows NT 10.0; Win64; x64) AppleWebKit/537.36 (KHTML, like Gecko) Chrome/101.0.4951.54 Safari/537.36"
::1 - - [15/May/2022:12:07:36 +0000] "OPTIONS /api/locations HTTP/1.1" 204 0 "http://localhost:3006/" "Mozilla/5.0 (Windows NT 10.0; Win64; x64) AppleWebKit/537.36 (KHTML, like Gecko) Chrome/101.0.4951.54 Safari/537.36"
::1 - - [15/May/2022:12:07:36 +0000] "POST /api/locations HTTP/1.1" 200 78 "http://localhost:3006/" "Mozilla/5.0 (Windows NT 10.0; Win64; x64) AppleWebKit/537.36 (KHTML, like Gecko) Chrome/101.0.4951.54 Safari/537.36"
::1 - - [15/May/2022:12:07:36 +0000] "GET /api/uploads/null HTTP/1.1" 404 155 "http://localhost:3006/" "Mozilla/5.0 (Windows NT 10.0; Win64; x64) AppleWebKit/537.36 (KHTML, like Gecko) Chrome/101.0.4951.54 Safari/537.36"
::1 - - [15/May/2022:12:07:37 +0000] "GET /api/locations HTTP/1.1" 200 561 "http://localhost:3006/" "Mozilla/5.0 (Windows NT 10.0; Win64; x64) AppleWebKit/537.36 (KHTML, like Gecko) Chrome/101.0.4951.54 Safari/537.36"
::1 - - [15/May/2022:12:07:39 +0000] "GET /api/uploads/null HTTP/1.1" 404 155 "http://localhost:3006/" "Mozilla/5.0 (Windows NT 10.0; Win64; x64) AppleWebKit/537.36 (KHTML, like Gecko) Chrome/101.0.4951.54 Safari/537.36"
::1 - - [15/May/2022:12:07:50 +0000] "OPTIONS /api/locations HTTP/1.1" 204 0 "http://localhost:3006/" "Mozilla/5.0 (Windows NT 10.0; Win64; x64) AppleWebKit/537.36 (KHTML, like Gecko) Chrome/101.0.4951.54 Safari/537.36"
::1 - - [15/May/2022:12:07:50 +0000] "POST /api/locations HTTP/1.1" 200 86 "http://localhost:3006/" "Mozilla/5.0 (Windows NT 10.0; Win64; x64) AppleWebKit/537.36 (KHTML, like Gecko) Chrome/101.0.4951.54 Safari/537.36"
::1 - - [15/May/2022:12:07:51 +0000] "GET /api/uploads/null HTTP/1.1" 404 155 "http://localhost:3006/" "Mozilla/5.0 (Windows NT 10.0; Win64; x64) AppleWebKit/537.36 (KHTML, like Gecko) Chrome/101.0.4951.54 Safari/537.36"
::1 - - [15/May/2022:12:07:51 +0000] "GET /api/locations HTTP/1.1" 200 648 "http://localhost:3006/" "Mozilla/5.0 (Windows NT 10.0; Win64; x64) AppleWebKit/537.36 (KHTML, like Gecko) Chrome/101.0.4951.54 Safari/537.36"
::1 - - [15/May/2022:12:07:55 +0000] "GET /api/uploads/null HTTP/1.1" 404 155 "http://localhost:3006/" "Mozilla/5.0 (Windows NT 10.0; Win64; x64) AppleWebKit/537.36 (KHTML, like Gecko) Chrome/101.0.4951.54 Safari/537.36"
::1 - - [15/May/2022:12:08:00 +0000] "OPTIONS /api/locations HTTP/1.1" 204 0 "http://localhost:3006/" "Mozilla/5.0 (Windows NT 10.0; Win64; x64) AppleWebKit/537.36 (KHTML, like Gecko) Chrome/101.0.4951.54 Safari/537.36"
::1 - - [15/May/2022:12:08:01 +0000] "POST /api/locations HTTP/1.1" 200 80 "http://localhost:3006/" "Mozilla/5.0 (Windows NT 10.0; Win64; x64) AppleWebKit/537.36 (KHTML, like Gecko) Chrome/101.0.4951.54 Safari/537.36"
::1 - - [15/May/2022:12:08:01 +0000] "GET /api/uploads/null HTTP/1.1" 404 155 "http://localhost:3006/" "Mozilla/5.0 (Windows NT 10.0; Win64; x64) AppleWebKit/537.36 (KHTML, like Gecko) Chrome/101.0.4951.54 Safari/537.36"
::1 - - [15/May/2022:12:08:01 +0000] "GET /api/locations HTTP/1.1" 200 729 "http://localhost:3006/" "Mozilla/5.0 (Windows NT 10.0; Win64; x64) AppleWebKit/537.36 (KHTML, like Gecko) Chrome/101.0.4951.54 Safari/537.36"
::ffff:127.0.0.1 - - [15/May/2022:12:08:47 +0000] "GET /api/bus/search?endLocation=624b62e41afea10cdcbafa0b&journeyDate=2022-05-16&startLocation=624b63081afea10cdcbafa10 HTTP/1.1" 200 2 "-" "node-fetch/1.0 (+https://github.com/bitinn/node-fetch)"
::1 - - [15/May/2022:12:08:51 +0000] "GET /api/locations HTTP/1.1" 304 - "http://localhost:3000/" "Mozilla/5.0 (Windows NT 10.0; Win64; x64) AppleWebKit/537.36 (KHTML, like Gecko) Chrome/101.0.4951.54 Safari/537.36"
::1 - - [15/May/2022:12:08:51 +0000] "GET /api/travels HTTP/1.1" 304 - "http://localhost:3000/" "Mozilla/5.0 (Windows NT 10.0; Win64; x64) AppleWebKit/537.36 (KHTML, like Gecko) Chrome/101.0.4951.54 Safari/537.36"
::1 - - [15/May/2022:12:09:20 +0000] "GET /api/locations HTTP/1.1" 304 - "http://localhost:3000/" "Mozilla/5.0 (Windows NT 10.0; Win64; x64) AppleWebKit/537.36 (KHTML, like Gecko) Chrome/101.0.4951.54 Safari/537.36"
::1 - - [15/May/2022:12:09:31 +0000] "GET /api/uploads/null HTTP/1.1" 404 155 "http://localhost:3006/" "Mozilla/5.0 (Windows NT 10.0; Win64; x64) AppleWebKit/537.36 (KHTML, like Gecko) Chrome/101.0.4951.54 Safari/537.36"
::1 - - [15/May/2022:12:09:31 +0000] "OPTIONS /api/bookings/all HTTP/1.1" 204 0 "http://localhost:3006/" "Mozilla/5.0 (Windows NT 10.0; Win64; x64) AppleWebKit/537.36 (KHTML, like Gecko) Chrome/101.0.4951.54 Safari/537.36"
::1 - - [15/May/2022:12:09:32 +0000] "GET /api/bookings/all HTTP/1.1" 304 - "http://localhost:3006/" "Mozilla/5.0 (Windows NT 10.0; Win64; x64) AppleWebKit/537.36 (KHTML, like Gecko) Chrome/101.0.4951.54 Safari/537.36"
::1 - - [15/May/2022:12:09:32 +0000] "GET /api/uploads/busimage/resized/image-1649111727437.png HTTP/1.1" 404 191 "http://localhost:3006/" "Mozilla/5.0 (Windows NT 10.0; Win64; x64) AppleWebKit/537.36 (KHTML, like Gecko) Chrome/101.0.4951.54 Safari/537.36"
::1 - - [15/May/2022:12:09:48 +0000] "OPTIONS /api/travels HTTP/1.1" 204 0 "http://localhost:3006/" "Mozilla/5.0 (Windows NT 10.0; Win64; x64) AppleWebKit/537.36 (KHTML, like Gecko) Chrome/101.0.4951.54 Safari/537.36"
::1 - - [15/May/2022:12:09:48 +0000] "GET /api/uploads/null HTTP/1.1" 404 155 "http://localhost:3006/" "Mozilla/5.0 (Windows NT 10.0; Win64; x64) AppleWebKit/537.36 (KHTML, like Gecko) Chrome/101.0.4951.54 Safari/537.36"
::1 - - [15/May/2022:12:09:49 +0000] "GET /api/travels HTTP/1.1" 304 - "http://localhost:3006/" "Mozilla/5.0 (Windows NT 10.0; Win64; x64) AppleWebKit/537.36 (KHTML, like Gecko) Chrome/101.0.4951.54 Safari/537.36"
::1 - - [15/May/2022:12:13:28 +0000] "GET /api/uploads/null HTTP/1.1" 404 155 "http://localhost:3006/" "Mozilla/5.0 (Windows NT 10.0; Win64; x64) AppleWebKit/537.36 (KHTML, like Gecko) Chrome/101.0.4951.54 Safari/537.36"
::1 - - [15/May/2022:12:13:28 +0000] "OPTIONS /api/travels HTTP/1.1" 204 0 "http://localhost:3006/" "Mozilla/5.0 (Windows NT 10.0; Win64; x64) AppleWebKit/537.36 (KHTML, like Gecko) Chrome/101.0.4951.54 Safari/537.36"
::1 - - [15/May/2022:12:13:28 +0000] "GET /api/travels HTTP/1.1" 304 - "http://localhost:3006/" "Mozilla/5.0 (Windows NT 10.0; Win64; x64) AppleWebKit/537.36 (KHTML, like Gecko) Chrome/101.0.4951.54 Safari/537.36"
::1 - - [15/May/2022:12:13:37 +0000] "GET /api/uploads/null HTTP/1.1" 404 155 "http://localhost:3006/" "Mozilla/5.0 (Windows NT 10.0; Win64; x64) AppleWebKit/537.36 (KHTML, like Gecko) Chrome/101.0.4951.54 Safari/537.36"
::1 - - [15/May/2022:12:13:37 +0000] "OPTIONS /api/travels HTTP/1.1" 204 0 "http://localhost:3006/" "Mozilla/5.0 (Windows NT 10.0; Win64; x64) AppleWebKit/537.36 (KHTML, like Gecko) Chrome/101.0.4951.54 Safari/537.36"
::1 - - [15/May/2022:12:13:37 +0000] "GET /api/travels HTTP/1.1" 304 - "http://localhost:3006/" "Mozilla/5.0 (Windows NT 10.0; Win64; x64) AppleWebKit/537.36 (KHTML, like Gecko) Chrome/101.0.4951.54 Safari/537.36"
::1 - - [15/May/2022:12:14:07 +0000] "OPTIONS /api/locations HTTP/1.1" 204 0 "http://localhost:3006/" "Mozilla/5.0 (Windows NT 10.0; Win64; x64) AppleWebKit/537.36 (KHTML, like Gecko) Chrome/101.0.4951.54 Safari/537.36"
::1 - - [15/May/2022:12:14:07 +0000] "GET /api/uploads/null HTTP/1.1" 404 155 "http://localhost:3006/" "Mozilla/5.0 (Windows NT 10.0; Win64; x64) AppleWebKit/537.36 (KHTML, like Gecko) Chrome/101.0.4951.54 Safari/537.36"
::1 - - [15/May/2022:12:14:07 +0000] "GET /api/locations HTTP/1.1" 304 - "http://localhost:3006/" "Mozilla/5.0 (Windows NT 10.0; Win64; x64) AppleWebKit/537.36 (KHTML, like Gecko) Chrome/101.0.4951.54 Safari/537.36"
::1 - - [15/May/2022:12:14:11 +0000] "OPTIONS /api/locations/6280ec9100f67831885d3b08 HTTP/1.1" 204 0 "http://localhost:3006/" "Mozilla/5.0 (Windows NT 10.0; Win64; x64) AppleWebKit/537.36 (KHTML, like Gecko) Chrome/101.0.4951.54 Safari/537.36"
::1 - - [15/May/2022:12:14:11 +0000] "GET /api/uploads/null HTTP/1.1" 404 155 "http://localhost:3006/" "Mozilla/5.0 (Windows NT 10.0; Win64; x64) AppleWebKit/537.36 (KHTML, like Gecko) Chrome/101.0.4951.54 Safari/537.36"
::1 - - [15/May/2022:12:14:12 +0000] "GET /api/locations/6280ec9100f67831885d3b08 HTTP/1.1" 200 82 "http://localhost:3006/" "Mozilla/5.0 (Windows NT 10.0; Win64; x64) AppleWebKit/537.36 (KHTML, like Gecko) Chrome/101.0.4951.54 Safari/537.36"
::1 - - [15/May/2022:12:14:25 +0000] "GET /api/uploads/null HTTP/1.1" 404 155 "http://localhost:3006/" "Mozilla/5.0 (Windows NT 10.0; Win64; x64) AppleWebKit/537.36 (KHTML, like Gecko) Chrome/101.0.4951.54 Safari/537.36"
::1 - - [15/May/2022:12:14:25 +0000] "OPTIONS /api/locations HTTP/1.1" 204 0 "http://localhost:3006/" "Mozilla/5.0 (Windows NT 10.0; Win64; x64) AppleWebKit/537.36 (KHTML, like Gecko) Chrome/101.0.4951.54 Safari/537.36"
::1 - - [15/May/2022:12:14:25 +0000] "OPTIONS /api/travels HTTP/1.1" 204 0 "http://localhost:3006/" "Mozilla/5.0 (Windows NT 10.0; Win64; x64) AppleWebKit/537.36 (KHTML, like Gecko) Chrome/101.0.4951.54 Safari/537.36"
::1 - - [15/May/2022:12:14:25 +0000] "GET /api/locations HTTP/1.1" 304 - "http://localhost:3006/" "Mozilla/5.0 (Windows NT 10.0; Win64; x64) AppleWebKit/537.36 (KHTML, like Gecko) Chrome/101.0.4951.54 Safari/537.36"
::1 - - [15/May/2022:12:14:25 +0000] "GET /api/travels HTTP/1.1" 304 - "http://localhost:3006/" "Mozilla/5.0 (Windows NT 10.0; Win64; x64) AppleWebKit/537.36 (KHTML, like Gecko) Chrome/101.0.4951.54 Safari/537.36"
::1 - - [15/May/2022:12:15:47 +0000] "GET /api/locations HTTP/1.1" 304 - "http://localhost:3000/" "Mozilla/5.0 (Windows NT 10.0; Win64; x64) AppleWebKit/537.36 (KHTML, like Gecko) Chrome/101.0.4951.54 Safari/537.36"
::1 - - [15/May/2022:12:17:30 +0000] "GET /api/uploads/null HTTP/1.1" 404 155 "http://localhost:3006/" "Mozilla/5.0 (Windows NT 10.0; Win64; x64) AppleWebKit/537.36 (KHTML, like Gecko) Chrome/101.0.4951.54 Safari/537.36"
::1 - - [15/May/2022:12:17:30 +0000] "OPTIONS /api/locations HTTP/1.1" 204 0 "http://localhost:3006/" "Mozilla/5.0 (Windows NT 10.0; Win64; x64) AppleWebKit/537.36 (KHTML, like Gecko) Chrome/101.0.4951.54 Safari/537.36"
::1 - - [15/May/2022:12:17:30 +0000] "OPTIONS /api/travels HTTP/1.1" 204 0 "http://localhost:3006/" "Mozilla/5.0 (Windows NT 10.0; Win64; x64) AppleWebKit/537.36 (KHTML, like Gecko) Chrome/101.0.4951.54 Safari/537.36"
::1 - - [15/May/2022:12:17:30 +0000] "GET /api/travels HTTP/1.1" 304 - "http://localhost:3006/" "Mozilla/5.0 (Windows NT 10.0; Win64; x64) AppleWebKit/537.36 (KHTML, like Gecko) Chrome/101.0.4951.54 Safari/537.36"
::1 - - [15/May/2022:12:17:30 +0000] "GET /api/locations HTTP/1.1" 304 - "http://localhost:3006/" "Mozilla/5.0 (Windows NT 10.0; Win64; x64) AppleWebKit/537.36 (KHTML, like Gecko) Chrome/101.0.4951.54 Safari/537.36"
::1 - - [15/May/2022:12:21:15 +0000] "GET /api/uploads/null HTTP/1.1" 404 155 "http://localhost:3006/" "Mozilla/5.0 (Windows NT 10.0; Win64; x64) AppleWebKit/537.36 (KHTML, like Gecko) Chrome/101.0.4951.54 Safari/537.36"
::1 - - [15/May/2022:12:21:15 +0000] "OPTIONS /api/locations HTTP/1.1" 204 0 "http://localhost:3006/" "Mozilla/5.0 (Windows NT 10.0; Win64; x64) AppleWebKit/537.36 (KHTML, like Gecko) Chrome/101.0.4951.54 Safari/537.36"
::1 - - [15/May/2022:12:21:15 +0000] "OPTIONS /api/travels HTTP/1.1" 204 0 "http://localhost:3006/" "Mozilla/5.0 (Windows NT 10.0; Win64; x64) AppleWebKit/537.36 (KHTML, like Gecko) Chrome/101.0.4951.54 Safari/537.36"
::1 - - [15/May/2022:12:21:16 +0000] "GET /api/travels HTTP/1.1" 304 - "http://localhost:3006/" "Mozilla/5.0 (Windows NT 10.0; Win64; x64) AppleWebKit/537.36 (KHTML, like Gecko) Chrome/101.0.4951.54 Safari/537.36"
::1 - - [15/May/2022:12:21:16 +0000] "GET /api/locations HTTP/1.1" 304 - "http://localhost:3006/" "Mozilla/5.0 (Windows NT 10.0; Win64; x64) AppleWebKit/537.36 (KHTML, like Gecko) Chrome/101.0.4951.54 Safari/537.36"
::1 - - [15/May/2022:12:21:23 +0000] "GET /api/uploads/null HTTP/1.1" 404 155 "http://localhost:3006/" "Mozilla/5.0 (Windows NT 10.0; Win64; x64) AppleWebKit/537.36 (KHTML, like Gecko) Chrome/101.0.4951.54 Safari/537.36"
::1 - - [15/May/2022:12:21:24 +0000] "OPTIONS /api/locations HTTP/1.1" 204 0 "http://localhost:3006/" "Mozilla/5.0 (Windows NT 10.0; Win64; x64) AppleWebKit/537.36 (KHTML, like Gecko) Chrome/101.0.4951.54 Safari/537.36"
::1 - - [15/May/2022:12:21:24 +0000] "OPTIONS /api/travels HTTP/1.1" 204 0 "http://localhost:3006/" "Mozilla/5.0 (Windows NT 10.0; Win64; x64) AppleWebKit/537.36 (KHTML, like Gecko) Chrome/101.0.4951.54 Safari/537.36"
::1 - - [15/May/2022:12:21:24 +0000] "GET /api/locations HTTP/1.1" 304 - "http://localhost:3006/" "Mozilla/5.0 (Windows NT 10.0; Win64; x64) AppleWebKit/537.36 (KHTML, like Gecko) Chrome/101.0.4951.54 Safari/537.36"
::1 - - [15/May/2022:12:21:24 +0000] "GET /api/travels HTTP/1.1" 304 - "http://localhost:3006/" "Mozilla/5.0 (Windows NT 10.0; Win64; x64) AppleWebKit/537.36 (KHTML, like Gecko) Chrome/101.0.4951.54 Safari/537.36"
::1 - - [15/May/2022:12:27:39 +0000] "OPTIONS /api/auth-owner/signin HTTP/1.1" 204 0 "http://localhost:3006/" "Mozilla/5.0 (Windows NT 10.0; Win64; x64) AppleWebKit/537.36 (KHTML, like Gecko) Chrome/101.0.4951.54 Safari/537.36"
::1 - - [15/May/2022:12:27:40 +0000] "POST /api/auth-owner/signin HTTP/1.1" 200 357 "http://localhost:3006/" "Mozilla/5.0 (Windows NT 10.0; Win64; x64) AppleWebKit/537.36 (KHTML, like Gecko) Chrome/101.0.4951.54 Safari/537.36"
::1 - - [15/May/2022:12:27:40 +0000] "GET /api/uploads/null HTTP/1.1" 404 155 "http://localhost:3006/" "Mozilla/5.0 (Windows NT 10.0; Win64; x64) AppleWebKit/537.36 (KHTML, like Gecko) Chrome/101.0.4951.54 Safari/537.36"
::1 - - [15/May/2022:12:27:40 +0000] "OPTIONS /api/bus/all-bus-available HTTP/1.1" 204 0 "http://localhost:3006/" "Mozilla/5.0 (Windows NT 10.0; Win64; x64) AppleWebKit/537.36 (KHTML, like Gecko) Chrome/101.0.4951.54 Safari/537.36"
::1 - - [15/May/2022:12:27:40 +0000] "OPTIONS /api/owners HTTP/1.1" 204 0 "http://localhost:3006/" "Mozilla/5.0 (Windows NT 10.0; Win64; x64) AppleWebKit/537.36 (KHTML, like Gecko) Chrome/101.0.4951.54 Safari/537.36"
::1 - - [15/May/2022:12:27:40 +0000] "OPTIONS /api/bus/owner-bus-available HTTP/1.1" 204 0 "http://localhost:3006/" "Mozilla/5.0 (Windows NT 10.0; Win64; x64) AppleWebKit/537.36 (KHTML, like Gecko) Chrome/101.0.4951.54 Safari/537.36"
::1 - - [15/May/2022:12:27:40 +0000] "OPTIONS /api/bookings/my HTTP/1.1" 204 0 "http://localhost:3006/" "Mozilla/5.0 (Windows NT 10.0; Win64; x64) AppleWebKit/537.36 (KHTML, like Gecko) Chrome/101.0.4951.54 Safari/537.36"
::1 - - [15/May/2022:12:27:41 +0000] "GET /api/owners HTTP/1.1" 304 - "http://localhost:3006/" "Mozilla/5.0 (Windows NT 10.0; Win64; x64) AppleWebKit/537.36 (KHTML, like Gecko) Chrome/101.0.4951.54 Safari/537.36"
::1 - - [15/May/2022:12:27:41 +0000] "OPTIONS /api/guests HTTP/1.1" 204 0 "http://localhost:3006/" "Mozilla/5.0 (Windows NT 10.0; Win64; x64) AppleWebKit/537.36 (KHTML, like Gecko) Chrome/101.0.4951.54 Safari/537.36"
::1 - - [15/May/2022:12:27:41 +0000] "GET /api/bookings/my HTTP/1.1" 304 - "http://localhost:3006/" "Mozilla/5.0 (Windows NT 10.0; Win64; x64) AppleWebKit/537.36 (KHTML, like Gecko) Chrome/101.0.4951.54 Safari/537.36"
::1 - - [15/May/2022:12:27:41 +0000] "GET /api/guests HTTP/1.1" 304 - "http://localhost:3006/" "Mozilla/5.0 (Windows NT 10.0; Win64; x64) AppleWebKit/537.36 (KHTML, like Gecko) Chrome/101.0.4951.54 Safari/537.36"
::1 - - [15/May/2022:12:27:41 +0000] "OPTIONS /api/users HTTP/1.1" 204 0 "http://localhost:3006/" "Mozilla/5.0 (Windows NT 10.0; Win64; x64) AppleWebKit/537.36 (KHTML, like Gecko) Chrome/101.0.4951.54 Safari/537.36"
::1 - - [15/May/2022:12:27:42 +0000] "GET /api/bus/owner-bus-available HTTP/1.1" 304 - "http://localhost:3006/" "Mozilla/5.0 (Windows NT 10.0; Win64; x64) AppleWebKit/537.36 (KHTML, like Gecko) Chrome/101.0.4951.54 Safari/537.36"
::1 - - [15/May/2022:12:27:42 +0000] "GET /api/bus/all-bus-available HTTP/1.1" 304 - "http://localhost:3006/" "Mozilla/5.0 (Windows NT 10.0; Win64; x64) AppleWebKit/537.36 (KHTML, like Gecko) Chrome/101.0.4951.54 Safari/537.36"
::1 - - [15/May/2022:12:27:42 +0000] "GET /api/users HTTP/1.1" 304 - "http://localhost:3006/" "Mozilla/5.0 (Windows NT 10.0; Win64; x64) AppleWebKit/537.36 (KHTML, like Gecko) Chrome/101.0.4951.54 Safari/537.36"
::1 - - [15/May/2022:12:27:42 +0000] "OPTIONS /api/bus/owner-bus-unavailable HTTP/1.1" 204 0 "http://localhost:3006/" "Mozilla/5.0 (Windows NT 10.0; Win64; x64) AppleWebKit/537.36 (KHTML, like Gecko) Chrome/101.0.4951.54 Safari/537.36"
::1 - - [15/May/2022:12:27:42 +0000] "OPTIONS /api/bus/all-bus-unavailable HTTP/1.1" 204 0 "http://localhost:3006/" "Mozilla/5.0 (Windows NT 10.0; Win64; x64) AppleWebKit/537.36 (KHTML, like Gecko) Chrome/101.0.4951.54 Safari/537.36"
::1 - - [15/May/2022:12:27:43 +0000] "GET /api/bus/all-bus-unavailable HTTP/1.1" 304 - "http://localhost:3006/" "Mozilla/5.0 (Windows NT 10.0; Win64; x64) AppleWebKit/537.36 (KHTML, like Gecko) Chrome/101.0.4951.54 Safari/537.36"
::1 - - [15/May/2022:12:27:43 +0000] "GET /api/bus/owner-bus-unavailable HTTP/1.1" 304 - "http://localhost:3006/" "Mozilla/5.0 (Windows NT 10.0; Win64; x64) AppleWebKit/537.36 (KHTML, like Gecko) Chrome/101.0.4951.54 Safari/537.36"
::1 - - [15/May/2022:12:27:43 +0000] "GET /api/uploads/null HTTP/1.1" 404 155 "http://localhost:3006/" "Mozilla/5.0 (Windows NT 10.0; Win64; x64) AppleWebKit/537.36 (KHTML, like Gecko) Chrome/101.0.4951.54 Safari/537.36"
::1 - - [15/May/2022:12:27:43 +0000] "GET /api/owners HTTP/1.1" 304 - "http://localhost:3006/" "Mozilla/5.0 (Windows NT 10.0; Win64; x64) AppleWebKit/537.36 (KHTML, like Gecko) Chrome/101.0.4951.54 Safari/537.36"
::1 - - [15/May/2022:12:27:57 +0000] "OPTIONS /api/auth-owner/signin HTTP/1.1" 204 0 "http://localhost:3006/" "Mozilla/5.0 (Windows NT 10.0; Win64; x64) AppleWebKit/537.36 (KHTML, like Gecko) Chrome/101.0.4951.54 Safari/537.36"
::1 - - [15/May/2022:12:27:57 +0000] "POST /api/auth-owner/signin HTTP/1.1" 401 43 "http://localhost:3006/" "Mozilla/5.0 (Windows NT 10.0; Win64; x64) AppleWebKit/537.36 (KHTML, like Gecko) Chrome/101.0.4951.54 Safari/537.36"
::1 - - [15/May/2022:12:28:04 +0000] "OPTIONS /api/auth-owner/signin HTTP/1.1" 204 0 "http://localhost:3006/" "Mozilla/5.0 (Windows NT 10.0; Win64; x64) AppleWebKit/537.36 (KHTML, like Gecko) Chrome/101.0.4951.54 Safari/537.36"
::1 - - [15/May/2022:12:28:04 +0000] "POST /api/auth-owner/signin HTTP/1.1" 200 349 "http://localhost:3006/" "Mozilla/5.0 (Windows NT 10.0; Win64; x64) AppleWebKit/537.36 (KHTML, like Gecko) Chrome/101.0.4951.54 Safari/537.36"
::1 - - [15/May/2022:12:28:04 +0000] "OPTIONS /api/bus/all-bus-available HTTP/1.1" 204 0 "http://localhost:3006/" "Mozilla/5.0 (Windows NT 10.0; Win64; x64) AppleWebKit/537.36 (KHTML, like Gecko) Chrome/101.0.4951.54 Safari/537.36"
::1 - - [15/May/2022:12:28:04 +0000] "OPTIONS /api/owners HTTP/1.1" 204 0 "http://localhost:3006/" "Mozilla/5.0 (Windows NT 10.0; Win64; x64) AppleWebKit/537.36 (KHTML, like Gecko) Chrome/101.0.4951.54 Safari/537.36"
::1 - - [15/May/2022:12:28:04 +0000] "OPTIONS /api/bus/owner-bus-available HTTP/1.1" 204 0 "http://localhost:3006/" "Mozilla/5.0 (Windows NT 10.0; Win64; x64) AppleWebKit/537.36 (KHTML, like Gecko) Chrome/101.0.4951.54 Safari/537.36"
::1 - - [15/May/2022:12:28:04 +0000] "OPTIONS /api/bookings/my HTTP/1.1" 204 0 "http://localhost:3006/" "Mozilla/5.0 (Windows NT 10.0; Win64; x64) AppleWebKit/537.36 (KHTML, like Gecko) Chrome/101.0.4951.54 Safari/537.36"
::1 - - [15/May/2022:12:28:04 +0000] "GET /api/uploads/null HTTP/1.1" 404 155 "http://localhost:3006/" "Mozilla/5.0 (Windows NT 10.0; Win64; x64) AppleWebKit/537.36 (KHTML, like Gecko) Chrome/101.0.4951.54 Safari/537.36"
::1 - - [15/May/2022:12:28:04 +0000] "GET /api/owners HTTP/1.1" 304 - "http://localhost:3006/" "Mozilla/5.0 (Windows NT 10.0; Win64; x64) AppleWebKit/537.36 (KHTML, like Gecko) Chrome/101.0.4951.54 Safari/537.36"
::1 - - [15/May/2022:12:28:04 +0000] "OPTIONS /api/guests HTTP/1.1" 204 0 "http://localhost:3006/" "Mozilla/5.0 (Windows NT 10.0; Win64; x64) AppleWebKit/537.36 (KHTML, like Gecko) Chrome/101.0.4951.54 Safari/537.36"
::1 - - [15/May/2022:12:28:05 +0000] "GET /api/bus/all-bus-available HTTP/1.1" 304 - "http://localhost:3006/" "Mozilla/5.0 (Windows NT 10.0; Win64; x64) AppleWebKit/537.36 (KHTML, like Gecko) Chrome/101.0.4951.54 Safari/537.36"
::1 - - [15/May/2022:12:28:05 +0000] "GET /api/guests HTTP/1.1" 304 - "http://localhost:3006/" "Mozilla/5.0 (Windows NT 10.0; Win64; x64) AppleWebKit/537.36 (KHTML, like Gecko) Chrome/101.0.4951.54 Safari/537.36"
::1 - - [15/May/2022:12:28:05 +0000] "OPTIONS /api/bus/all-bus-unavailable HTTP/1.1" 204 0 "http://localhost:3006/" "Mozilla/5.0 (Windows NT 10.0; Win64; x64) AppleWebKit/537.36 (KHTML, like Gecko) Chrome/101.0.4951.54 Safari/537.36"
::1 - - [15/May/2022:12:28:05 +0000] "OPTIONS /api/users HTTP/1.1" 204 0 "http://localhost:3006/" "Mozilla/5.0 (Windows NT 10.0; Win64; x64) AppleWebKit/537.36 (KHTML, like Gecko) Chrome/101.0.4951.54 Safari/537.36"
::1 - - [15/May/2022:12:28:05 +0000] "GET /api/bookings/my HTTP/1.1" 200 7170 "http://localhost:3006/" "Mozilla/5.0 (Windows NT 10.0; Win64; x64) AppleWebKit/537.36 (KHTML, like Gecko) Chrome/101.0.4951.54 Safari/537.36"
::1 - - [15/May/2022:12:28:05 +0000] "GET /api/bus/owner-bus-available HTTP/1.1" 200 671 "http://localhost:3006/" "Mozilla/5.0 (Windows NT 10.0; Win64; x64) AppleWebKit/537.36 (KHTML, like Gecko) Chrome/101.0.4951.54 Safari/537.36"
::1 - - [15/May/2022:12:28:05 +0000] "GET /api/bus/all-bus-unavailable HTTP/1.1" 304 - "http://localhost:3006/" "Mozilla/5.0 (Windows NT 10.0; Win64; x64) AppleWebKit/537.36 (KHTML, like Gecko) Chrome/101.0.4951.54 Safari/537.36"
::1 - - [15/May/2022:12:28:05 +0000] "GET /api/users HTTP/1.1" 304 - "http://localhost:3006/" "Mozilla/5.0 (Windows NT 10.0; Win64; x64) AppleWebKit/537.36 (KHTML, like Gecko) Chrome/101.0.4951.54 Safari/537.36"
::1 - - [15/May/2022:12:28:05 +0000] "OPTIONS /api/bus/owner-bus-unavailable HTTP/1.1" 204 0 "http://localhost:3006/" "Mozilla/5.0 (Windows NT 10.0; Win64; x64) AppleWebKit/537.36 (KHTML, like Gecko) Chrome/101.0.4951.54 Safari/537.36"
::1 - - [15/May/2022:12:28:05 +0000] "GET /api/bus/owner-bus-unavailable HTTP/1.1" 304 - "http://localhost:3006/" "Mozilla/5.0 (Windows NT 10.0; Win64; x64) AppleWebKit/537.36 (KHTML, like Gecko) Chrome/101.0.4951.54 Safari/537.36"
::1 - - [15/May/2022:12:28:10 +0000] "GET /api/uploads/null HTTP/1.1" 404 155 "http://localhost:3006/" "Mozilla/5.0 (Windows NT 10.0; Win64; x64) AppleWebKit/537.36 (KHTML, like Gecko) Chrome/101.0.4951.54 Safari/537.36"
::1 - - [15/May/2022:12:28:10 +0000] "OPTIONS /api/bus/owner-bus-available HTTP/1.1" 204 0 "http://localhost:3006/" "Mozilla/5.0 (Windows NT 10.0; Win64; x64) AppleWebKit/537.36 (KHTML, like Gecko) Chrome/101.0.4951.54 Safari/537.36"
::1 - - [15/May/2022:12:28:11 +0000] "GET /api/bus/owner-bus-available HTTP/1.1" 304 - "http://localhost:3006/" "Mozilla/5.0 (Windows NT 10.0; Win64; x64) AppleWebKit/537.36 (KHTML, like Gecko) Chrome/101.0.4951.54 Safari/537.36"
::1 - - [15/May/2022:12:28:11 +0000] "GET /api/uploads/busimage/resized/image-1649111727437.png HTTP/1.1" 404 191 "http://localhost:3006/" "Mozilla/5.0 (Windows NT 10.0; Win64; x64) AppleWebKit/537.36 (KHTML, like Gecko) Chrome/101.0.4951.54 Safari/537.36"
::1 - - [15/May/2022:12:28:35 +0000] "OPTIONS /api/locations HTTP/1.1" 204 0 "http://localhost:3006/" "Mozilla/5.0 (Windows NT 10.0; Win64; x64) AppleWebKit/537.36 (KHTML, like Gecko) Chrome/101.0.4951.54 Safari/537.36"
::1 - - [15/May/2022:12:28:35 +0000] "OPTIONS /api/bus/test HTTP/1.1" 204 0 "http://localhost:3006/" "Mozilla/5.0 (Windows NT 10.0; Win64; x64) AppleWebKit/537.36 (KHTML, like Gecko) Chrome/101.0.4951.54 Safari/537.36"
::1 - - [15/May/2022:12:28:35 +0000] "GET /api/uploads/null HTTP/1.1" 404 155 "http://localhost:3006/" "Mozilla/5.0 (Windows NT 10.0; Win64; x64) AppleWebKit/537.36 (KHTML, like Gecko) Chrome/101.0.4951.54 Safari/537.36"
::1 - - [15/May/2022:12:28:36 +0000] "GET /api/locations HTTP/1.1" 304 - "http://localhost:3006/" "Mozilla/5.0 (Windows NT 10.0; Win64; x64) AppleWebKit/537.36 (KHTML, like Gecko) Chrome/101.0.4951.54 Safari/537.36"
::1 - - [15/May/2022:12:28:36 +0000] "OPTIONS /api/travels HTTP/1.1" 204 0 "http://localhost:3006/" "Mozilla/5.0 (Windows NT 10.0; Win64; x64) AppleWebKit/537.36 (KHTML, like Gecko) Chrome/101.0.4951.54 Safari/537.36"
::1 - - [15/May/2022:12:28:36 +0000] "GET /api/bus/test HTTP/1.1" 200 660 "http://localhost:3006/" "Mozilla/5.0 (Windows NT 10.0; Win64; x64) AppleWebKit/537.36 (KHTML, like Gecko) Chrome/101.0.4951.54 Safari/537.36"
::1 - - [15/May/2022:12:28:36 +0000] "GET /api/travels HTTP/1.1" 304 - "http://localhost:3006/" "Mozilla/5.0 (Windows NT 10.0; Win64; x64) AppleWebKit/537.36 (KHTML, like Gecko) Chrome/101.0.4951.54 Safari/537.36"
::1 - - [15/May/2022:12:28:36 +0000] "GET /api/uploads/null HTTP/1.1" 404 155 "http://localhost:3006/" "Mozilla/5.0 (Windows NT 10.0; Win64; x64) AppleWebKit/537.36 (KHTML, like Gecko) Chrome/101.0.4951.54 Safari/537.36"
::1 - - [15/May/2022:12:28:40 +0000] "GET /api/uploads/null HTTP/1.1" 404 155 "http://localhost:3006/" "Mozilla/5.0 (Windows NT 10.0; Win64; x64) AppleWebKit/537.36 (KHTML, like Gecko) Chrome/101.0.4951.54 Safari/537.36"
::1 - - [15/May/2022:12:29:46 +0000] "GET /api/uploads/null HTTP/1.1" 404 155 "http://localhost:3006/" "Mozilla/5.0 (Windows NT 10.0; Win64; x64) AppleWebKit/537.36 (KHTML, like Gecko) Chrome/101.0.4951.54 Safari/537.36"
::1 - - [15/May/2022:12:30:27 +0000] "GET /api/uploads/null HTTP/1.1" 404 155 "http://localhost:3006/" "Mozilla/5.0 (Windows NT 10.0; Win64; x64) AppleWebKit/537.36 (KHTML, like Gecko) Chrome/101.0.4951.54 Safari/537.36"
::1 - - [15/May/2022:12:30:27 +0000] "OPTIONS /api/bus/test HTTP/1.1" 204 0 "http://localhost:3006/" "Mozilla/5.0 (Windows NT 10.0; Win64; x64) AppleWebKit/537.36 (KHTML, like Gecko) Chrome/101.0.4951.54 Safari/537.36"
::1 - - [15/May/2022:12:30:30 +0000] "PUT /api/bus/test HTTP/1.1" 200 669 "http://localhost:3006/" "Mozilla/5.0 (Windows NT 10.0; Win64; x64) AppleWebKit/537.36 (KHTML, like Gecko) Chrome/101.0.4951.54 Safari/537.36"
::1 - - [15/May/2022:12:30:30 +0000] "OPTIONS /api/bus/all-bus-available HTTP/1.1" 204 0 "http://localhost:3006/" "Mozilla/5.0 (Windows NT 10.0; Win64; x64) AppleWebKit/537.36 (KHTML, like Gecko) Chrome/101.0.4951.54 Safari/537.36"
::1 - - [15/May/2022:12:30:30 +0000] "OPTIONS /api/owners HTTP/1.1" 204 0 "http://localhost:3006/" "Mozilla/5.0 (Windows NT 10.0; Win64; x64) AppleWebKit/537.36 (KHTML, like Gecko) Chrome/101.0.4951.54 Safari/537.36"
::1 - - [15/May/2022:12:30:30 +0000] "OPTIONS /api/bus/owner-bus-available HTTP/1.1" 204 0 "http://localhost:3006/" "Mozilla/5.0 (Windows NT 10.0; Win64; x64) AppleWebKit/537.36 (KHTML, like Gecko) Chrome/101.0.4951.54 Safari/537.36"
::1 - - [15/May/2022:12:30:30 +0000] "OPTIONS /api/bookings/my HTTP/1.1" 204 0 "http://localhost:3006/" "Mozilla/5.0 (Windows NT 10.0; Win64; x64) AppleWebKit/537.36 (KHTML, like Gecko) Chrome/101.0.4951.54 Safari/537.36"
::1 - - [15/May/2022:12:30:30 +0000] "GET /api/uploads/null HTTP/1.1" 404 155 "http://localhost:3006/" "Mozilla/5.0 (Windows NT 10.0; Win64; x64) AppleWebKit/537.36 (KHTML, like Gecko) Chrome/101.0.4951.54 Safari/537.36"
::1 - - [15/May/2022:12:30:30 +0000] "GET /api/owners HTTP/1.1" 304 - "http://localhost:3006/" "Mozilla/5.0 (Windows NT 10.0; Win64; x64) AppleWebKit/537.36 (KHTML, like Gecko) Chrome/101.0.4951.54 Safari/537.36"
::1 - - [15/May/2022:12:30:30 +0000] "OPTIONS /api/guests HTTP/1.1" 204 0 "http://localhost:3006/" "Mozilla/5.0 (Windows NT 10.0; Win64; x64) AppleWebKit/537.36 (KHTML, like Gecko) Chrome/101.0.4951.54 Safari/537.36"
::1 - - [15/May/2022:12:30:31 +0000] "GET /api/bus/all-bus-available HTTP/1.1" 200 1306 "http://localhost:3006/" "Mozilla/5.0 (Windows NT 10.0; Win64; x64) AppleWebKit/537.36 (KHTML, like Gecko) Chrome/101.0.4951.54 Safari/537.36"
::1 - - [15/May/2022:12:30:31 +0000] "OPTIONS /api/bus/all-bus-unavailable HTTP/1.1" 204 0 "http://localhost:3006/" "Mozilla/5.0 (Windows NT 10.0; Win64; x64) AppleWebKit/537.36 (KHTML, like Gecko) Chrome/101.0.4951.54 Safari/537.36"
::1 - - [15/May/2022:12:30:31 +0000] "GET /api/guests HTTP/1.1" 304 - "http://localhost:3006/" "Mozilla/5.0 (Windows NT 10.0; Win64; x64) AppleWebKit/537.36 (KHTML, like Gecko) Chrome/101.0.4951.54 Safari/537.36"
::1 - - [15/May/2022:12:30:31 +0000] "OPTIONS /api/users HTTP/1.1" 204 0 "http://localhost:3006/" "Mozilla/5.0 (Windows NT 10.0; Win64; x64) AppleWebKit/537.36 (KHTML, like Gecko) Chrome/101.0.4951.54 Safari/537.36"
::1 - - [15/May/2022:12:30:31 +0000] "GET /api/bookings/my HTTP/1.1" 200 7215 "http://localhost:3006/" "Mozilla/5.0 (Windows NT 10.0; Win64; x64) AppleWebKit/537.36 (KHTML, like Gecko) Chrome/101.0.4951.54 Safari/537.36"
::1 - - [15/May/2022:12:30:31 +0000] "GET /api/bus/all-bus-unavailable HTTP/1.1" 304 - "http://localhost:3006/" "Mozilla/5.0 (Windows NT 10.0; Win64; x64) AppleWebKit/537.36 (KHTML, like Gecko) Chrome/101.0.4951.54 Safari/537.36"
::1 - - [15/May/2022:12:30:31 +0000] "GET /api/bus/owner-bus-available HTTP/1.1" 200 680 "http://localhost:3006/" "Mozilla/5.0 (Windows NT 10.0; Win64; x64) AppleWebKit/537.36 (KHTML, like Gecko) Chrome/101.0.4951.54 Safari/537.36"
::1 - - [15/May/2022:12:30:31 +0000] "OPTIONS /api/bus/owner-bus-unavailable HTTP/1.1" 204 0 "http://localhost:3006/" "Mozilla/5.0 (Windows NT 10.0; Win64; x64) AppleWebKit/537.36 (KHTML, like Gecko) Chrome/101.0.4951.54 Safari/537.36"
::1 - - [15/May/2022:12:30:31 +0000] "GET /api/users HTTP/1.1" 304 - "http://localhost:3006/" "Mozilla/5.0 (Windows NT 10.0; Win64; x64) AppleWebKit/537.36 (KHTML, like Gecko) Chrome/101.0.4951.54 Safari/537.36"
::1 - - [15/May/2022:12:30:31 +0000] "GET /api/bus/owner-bus-unavailable HTTP/1.1" 304 - "http://localhost:3006/" "Mozilla/5.0 (Windows NT 10.0; Win64; x64) AppleWebKit/537.36 (KHTML, like Gecko) Chrome/101.0.4951.54 Safari/537.36"
::1 - - [15/May/2022:12:30:48 +0000] "GET /api/bus/search?endLocation=6280ed1600f67831885d3b20&journeyDate=2022-05-25&startLocation=624b63081afea10cdcbafa10 HTTP/1.1" 200 715 "http://localhost:3000/" "Mozilla/5.0 (Windows NT 10.0; Win64; x64) AppleWebKit/537.36 (KHTML, like Gecko) Chrome/101.0.4951.54 Safari/537.36"
::1 - - [15/May/2022:12:30:48 +0000] "GET /uploads/busimage/resized/image-1652617828491.jpeg HTTP/1.1" 200 233736 "http://localhost:3000/" "Mozilla/5.0 (Windows NT 10.0; Win64; x64) AppleWebKit/537.36 (KHTML, like Gecko) Chrome/101.0.4951.54 Safari/537.36"
::1 - - [15/May/2022:12:30:49 +0000] "GET /api/locations HTTP/1.1" 304 - "http://localhost:3000/" "Mozilla/5.0 (Windows NT 10.0; Win64; x64) AppleWebKit/537.36 (KHTML, like Gecko) Chrome/101.0.4951.54 Safari/537.36"
::1 - - [15/May/2022:12:30:49 +0000] "GET /api/travels HTTP/1.1" 304 - "http://localhost:3000/" "Mozilla/5.0 (Windows NT 10.0; Win64; x64) AppleWebKit/537.36 (KHTML, like Gecko) Chrome/101.0.4951.54 Safari/537.36"
::1 - - [15/May/2022:12:32:58 +0000] "GET /api/locations HTTP/1.1" 304 - "http://localhost:3000/" "Mozilla/5.0 (Windows NT 10.0; Win64; x64) AppleWebKit/537.36 (KHTML, like Gecko) Chrome/101.0.4951.54 Safari/537.36"
::1 - - [15/May/2022:12:32:58 +0000] "GET /api/travels HTTP/1.1" 304 - "http://localhost:3000/" "Mozilla/5.0 (Windows NT 10.0; Win64; x64) AppleWebKit/537.36 (KHTML, like Gecko) Chrome/101.0.4951.54 Safari/537.36"
::1 - - [15/May/2022:12:33:55 +0000] "OPTIONS /api/bookings/book/test HTTP/1.1" 204 0 "http://localhost:3000/" "Mozilla/5.0 (Windows NT 10.0; Win64; x64) AppleWebKit/537.36 (KHTML, like Gecko) Chrome/101.0.4951.54 Safari/537.36"
::1 - - [15/May/2022:12:33:56 +0000] "POST /api/bookings/book/test HTTP/1.1" 500 112 "http://localhost:3000/" "Mozilla/5.0 (Windows NT 10.0; Win64; x64) AppleWebKit/537.36 (KHTML, like Gecko) Chrome/101.0.4951.54 Safari/537.36"
::1 - - [15/May/2022:12:34:22 +0000] "OPTIONS /api/bookings/book/test HTTP/1.1" 204 0 "http://localhost:3000/" "Mozilla/5.0 (Windows NT 10.0; Win64; x64) AppleWebKit/537.36 (KHTML, like Gecko) Chrome/101.0.4951.54 Safari/537.36"
::1 - - [15/May/2022:12:34:23 +0000] "POST /api/bookings/book/test HTTP/1.1" 500 80 "http://localhost:3000/" "Mozilla/5.0 (Windows NT 10.0; Win64; x64) AppleWebKit/537.36 (KHTML, like Gecko) Chrome/101.0.4951.54 Safari/537.36"
::1 - - [15/May/2022:12:34:31 +0000] "OPTIONS /api/bookings/book/test HTTP/1.1" 204 0 "http://localhost:3000/" "Mozilla/5.0 (Windows NT 10.0; Win64; x64) AppleWebKit/537.36 (KHTML, like Gecko) Chrome/101.0.4951.54 Safari/537.36"
::1 - - [15/May/2022:12:34:31 +0000] "POST /api/bookings/book/test HTTP/1.1" 500 80 "http://localhost:3000/" "Mozilla/5.0 (Windows NT 10.0; Win64; x64) AppleWebKit/537.36 (KHTML, like Gecko) Chrome/101.0.4951.54 Safari/537.36"
::1 - - [15/May/2022:12:35:05 +0000] "OPTIONS /api/bookings/book/test HTTP/1.1" 204 0 "http://localhost:3000/" "Mozilla/5.0 (Windows NT 10.0; Win64; x64) AppleWebKit/537.36 (KHTML, like Gecko) Chrome/101.0.4951.54 Safari/537.36"
::1 - - [15/May/2022:12:35:06 +0000] "POST /api/bookings/book/test HTTP/1.1" 500 81 "http://localhost:3000/" "Mozilla/5.0 (Windows NT 10.0; Win64; x64) AppleWebKit/537.36 (KHTML, like Gecko) Chrome/101.0.4951.54 Safari/537.36"
::1 - - [15/May/2022:12:35:12 +0000] "OPTIONS /api/bookings/book/test HTTP/1.1" 204 0 "http://localhost:3000/" "Mozilla/5.0 (Windows NT 10.0; Win64; x64) AppleWebKit/537.36 (KHTML, like Gecko) Chrome/101.0.4951.54 Safari/537.36"
::1 - - [15/May/2022:12:35:12 +0000] "POST /api/bookings/book/test HTTP/1.1" 500 82 "http://localhost:3000/" "Mozilla/5.0 (Windows NT 10.0; Win64; x64) AppleWebKit/537.36 (KHTML, like Gecko) Chrome/101.0.4951.54 Safari/537.36"
::1 - - [15/May/2022:12:35:25 +0000] "OPTIONS /api/bookings/book/test HTTP/1.1" 204 0 "http://localhost:3000/" "Mozilla/5.0 (Windows NT 10.0; Win64; x64) AppleWebKit/537.36 (KHTML, like Gecko) Chrome/101.0.4951.54 Safari/537.36"
::1 - - [15/May/2022:12:35:26 +0000] "POST /api/bookings/book/test HTTP/1.1" 500 80 "http://localhost:3000/" "Mozilla/5.0 (Windows NT 10.0; Win64; x64) AppleWebKit/537.36 (KHTML, like Gecko) Chrome/101.0.4951.54 Safari/537.36"
::1 - - [15/May/2022:12:35:36 +0000] "OPTIONS /api/bookings/book/test HTTP/1.1" 204 0 "http://localhost:3000/" "Mozilla/5.0 (Windows NT 10.0; Win64; x64) AppleWebKit/537.36 (KHTML, like Gecko) Chrome/101.0.4951.54 Safari/537.36"
::1 - - [15/May/2022:12:35:36 +0000] "POST /api/bookings/book/test HTTP/1.1" 500 81 "http://localhost:3000/" "Mozilla/5.0 (Windows NT 10.0; Win64; x64) AppleWebKit/537.36 (KHTML, like Gecko) Chrome/101.0.4951.54 Safari/537.36"
::1 - - [15/May/2022:12:35:48 +0000] "OPTIONS /api/bookings/book/test HTTP/1.1" 204 0 "http://localhost:3000/" "Mozilla/5.0 (Windows NT 10.0; Win64; x64) AppleWebKit/537.36 (KHTML, like Gecko) Chrome/101.0.4951.54 Safari/537.36"
::1 - - [15/May/2022:12:35:48 +0000] "POST /api/bookings/book/test HTTP/1.1" 500 81 "http://localhost:3000/" "Mozilla/5.0 (Windows NT 10.0; Win64; x64) AppleWebKit/537.36 (KHTML, like Gecko) Chrome/101.0.4951.54 Safari/537.36"
::1 - - [15/May/2022:12:36:13 +0000] "OPTIONS /api/bookings/book/test HTTP/1.1" 204 0 "http://localhost:3000/" "Mozilla/5.0 (Windows NT 10.0; Win64; x64) AppleWebKit/537.36 (KHTML, like Gecko) Chrome/101.0.4951.54 Safari/537.36"
::1 - - [15/May/2022:12:36:14 +0000] "POST /api/bookings/book/test HTTP/1.1" 500 81 "http://localhost:3000/" "Mozilla/5.0 (Windows NT 10.0; Win64; x64) AppleWebKit/537.36 (KHTML, like Gecko) Chrome/101.0.4951.54 Safari/537.36"
::1 - - [15/May/2022:12:36:26 +0000] "OPTIONS /api/bookings/book/test HTTP/1.1" 204 0 "http://localhost:3000/" "Mozilla/5.0 (Windows NT 10.0; Win64; x64) AppleWebKit/537.36 (KHTML, like Gecko) Chrome/101.0.4951.54 Safari/537.36"
::1 - - [15/May/2022:12:36:26 +0000] "POST /api/bookings/book/test HTTP/1.1" 500 81 "http://localhost:3000/" "Mozilla/5.0 (Windows NT 10.0; Win64; x64) AppleWebKit/537.36 (KHTML, like Gecko) Chrome/101.0.4951.54 Safari/537.36"
::1 - - [15/May/2022:12:37:26 +0000] "OPTIONS /api/bookings/book/test HTTP/1.1" 204 0 "http://localhost:3000/" "Mozilla/5.0 (Windows NT 10.0; Win64; x64) AppleWebKit/537.36 (KHTML, like Gecko) Chrome/101.0.4951.54 Safari/537.36"
::1 - - [15/May/2022:12:37:27 +0000] "POST /api/bookings/book/test HTTP/1.1" 500 82 "http://localhost:3000/" "Mozilla/5.0 (Windows NT 10.0; Win64; x64) AppleWebKit/537.36 (KHTML, like Gecko) Chrome/101.0.4951.54 Safari/537.36"
::1 - - [15/May/2022:12:37:48 +0000] "OPTIONS /api/bookings/book/test HTTP/1.1" 204 0 "http://localhost:3000/" "Mozilla/5.0 (Windows NT 10.0; Win64; x64) AppleWebKit/537.36 (KHTML, like Gecko) Chrome/101.0.4951.54 Safari/537.36"
::1 - - [15/May/2022:12:37:49 +0000] "POST /api/bookings/book/test HTTP/1.1" 500 81 "http://localhost:3000/" "Mozilla/5.0 (Windows NT 10.0; Win64; x64) AppleWebKit/537.36 (KHTML, like Gecko) Chrome/101.0.4951.54 Safari/537.36"
::1 - - [15/May/2022:12:37:55 +0000] "OPTIONS /api/bookings/book/test HTTP/1.1" 204 0 "http://localhost:3000/" "Mozilla/5.0 (Windows NT 10.0; Win64; x64) AppleWebKit/537.36 (KHTML, like Gecko) Chrome/101.0.4951.54 Safari/537.36"
::1 - - [15/May/2022:12:37:55 +0000] "POST /api/bookings/book/test HTTP/1.1" 500 81 "http://localhost:3000/" "Mozilla/5.0 (Windows NT 10.0; Win64; x64) AppleWebKit/537.36 (KHTML, like Gecko) Chrome/101.0.4951.54 Safari/537.36"
::1 - - [15/May/2022:12:38:03 +0000] "OPTIONS /api/bookings/book/test HTTP/1.1" 204 0 "http://localhost:3000/" "Mozilla/5.0 (Windows NT 10.0; Win64; x64) AppleWebKit/537.36 (KHTML, like Gecko) Chrome/101.0.4951.54 Safari/537.36"
::1 - - [15/May/2022:12:38:03 +0000] "POST /api/bookings/book/test HTTP/1.1" 500 80 "http://localhost:3000/" "Mozilla/5.0 (Windows NT 10.0; Win64; x64) AppleWebKit/537.36 (KHTML, like Gecko) Chrome/101.0.4951.54 Safari/537.36"
::1 - - [15/May/2022:12:38:37 +0000] "OPTIONS /api/bookings/book/test HTTP/1.1" 204 0 "http://localhost:3000/" "Mozilla/5.0 (Windows NT 10.0; Win64; x64) AppleWebKit/537.36 (KHTML, like Gecko) Chrome/101.0.4951.54 Safari/537.36"
::1 - - [15/May/2022:12:38:38 +0000] "POST /api/bookings/book/test HTTP/1.1" 500 81 "http://localhost:3000/" "Mozilla/5.0 (Windows NT 10.0; Win64; x64) AppleWebKit/537.36 (KHTML, like Gecko) Chrome/101.0.4951.54 Safari/537.36"
::1 - - [15/May/2022:12:38:48 +0000] "OPTIONS /api/bookings/book/test HTTP/1.1" 204 0 "http://localhost:3000/" "Mozilla/5.0 (Windows NT 10.0; Win64; x64) AppleWebKit/537.36 (KHTML, like Gecko) Chrome/101.0.4951.54 Safari/537.36"
::1 - - [15/May/2022:12:38:50 +0000] "POST /api/bookings/book/test HTTP/1.1" 200 1079 "http://localhost:3000/" "Mozilla/5.0 (Windows NT 10.0; Win64; x64) AppleWebKit/537.36 (KHTML, like Gecko) Chrome/101.0.4951.54 Safari/537.36"
::1 - - [15/May/2022:12:38:51 +0000] "GET /api/locations HTTP/1.1" 304 - "http://localhost:3000/" "Mozilla/5.0 (Windows NT 10.0; Win64; x64) AppleWebKit/537.36 (KHTML, like Gecko) Chrome/101.0.4951.54 Safari/537.36"
::1 - - [15/May/2022:12:38:58 +0000] "GET /api/locations HTTP/1.1" 304 - "http://localhost:3000/" "Mozilla/5.0 (Windows NT 10.0; Win64; x64) AppleWebKit/537.36 (KHTML, like Gecko) Chrome/101.0.4951.54 Safari/537.36"
::1 - - [15/May/2022:12:39:02 +0000] "GET /api/uploads/null HTTP/1.1" 404 155 "http://localhost:3006/" "Mozilla/5.0 (Windows NT 10.0; Win64; x64) AppleWebKit/537.36 (KHTML, like Gecko) Chrome/101.0.4951.54 Safari/537.36"
::1 - - [15/May/2022:12:39:02 +0000] "OPTIONS /api/bus/owner-bus-available HTTP/1.1" 204 0 "http://localhost:3006/" "Mozilla/5.0 (Windows NT 10.0; Win64; x64) AppleWebKit/537.36 (KHTML, like Gecko) Chrome/101.0.4951.54 Safari/537.36"
::1 - - [15/May/2022:12:39:03 +0000] "GET /api/bus/owner-bus-available HTTP/1.1" 200 686 "http://localhost:3006/" "Mozilla/5.0 (Windows NT 10.0; Win64; x64) AppleWebKit/537.36 (KHTML, like Gecko) Chrome/101.0.4951.54 Safari/537.36"
::1 - - [15/May/2022:12:39:03 +0000] "GET /api/uploads/busimage/resized/image-1652617828491.jpeg HTTP/1.1" 404 192 "http://localhost:3006/" "Mozilla/5.0 (Windows NT 10.0; Win64; x64) AppleWebKit/537.36 (KHTML, like Gecko) Chrome/101.0.4951.54 Safari/537.36"
::1 - - [15/May/2022:12:39:08 +0000] "GET /api/uploads/null HTTP/1.1" 404 155 "http://localhost:3006/" "Mozilla/5.0 (Windows NT 10.0; Win64; x64) AppleWebKit/537.36 (KHTML, like Gecko) Chrome/101.0.4951.54 Safari/537.36"
::1 - - [15/May/2022:12:39:08 +0000] "OPTIONS /api/bus/test HTTP/1.1" 204 0 "http://localhost:3006/" "Mozilla/5.0 (Windows NT 10.0; Win64; x64) AppleWebKit/537.36 (KHTML, like Gecko) Chrome/101.0.4951.54 Safari/537.36"
::1 - - [15/May/2022:12:39:08 +0000] "GET /api/bus/test HTTP/1.1" 200 675 "http://localhost:3006/" "Mozilla/5.0 (Windows NT 10.0; Win64; x64) AppleWebKit/537.36 (KHTML, like Gecko) Chrome/101.0.4951.54 Safari/537.36"
::1 - - [15/May/2022:12:42:46 +0000] "GET /api/bus/search?endLocation=6280ed1600f67831885d3b20&journeyDate=2022-05-25&startLocation=624b63081afea10cdcbafa10 HTTP/1.1" 200 721 "http://localhost:3000/" "Mozilla/5.0 (Windows NT 10.0; Win64; x64) AppleWebKit/537.36 (KHTML, like Gecko) Chrome/101.0.4951.54 Safari/537.36"
::1 - - [15/May/2022:12:42:48 +0000] "GET /uploads/busimage/resized/image-1652617828491.jpeg HTTP/1.1" 304 - "http://localhost:3000/" "Mozilla/5.0 (Windows NT 10.0; Win64; x64) AppleWebKit/537.36 (KHTML, like Gecko) Chrome/101.0.4951.54 Safari/537.36"
::1 - - [15/May/2022:12:42:48 +0000] "GET /api/travels HTTP/1.1" 304 - "http://localhost:3000/" "Mozilla/5.0 (Windows NT 10.0; Win64; x64) AppleWebKit/537.36 (KHTML, like Gecko) Chrome/101.0.4951.54 Safari/537.36"
::1 - - [15/May/2022:12:42:48 +0000] "GET /api/locations HTTP/1.1" 304 - "http://localhost:3000/" "Mozilla/5.0 (Windows NT 10.0; Win64; x64) AppleWebKit/537.36 (KHTML, like Gecko) Chrome/101.0.4951.54 Safari/537.36"
::1 - - [15/May/2022:12:43:25 +0000] "GET /api/uploads/null HTTP/1.1" 404 155 "http://localhost:3006/" "Mozilla/5.0 (Windows NT 10.0; Win64; x64) AppleWebKit/537.36 (KHTML, like Gecko) Chrome/101.0.4951.54 Safari/537.36"
::1 - - [15/May/2022:12:43:25 +0000] "OPTIONS /api/bookings/my HTTP/1.1" 204 0 "http://localhost:3006/" "Mozilla/5.0 (Windows NT 10.0; Win64; x64) AppleWebKit/537.36 (KHTML, like Gecko) Chrome/101.0.4951.54 Safari/537.36"
::1 - - [15/May/2022:12:43:26 +0000] "GET /api/bookings/my HTTP/1.1" 200 8644 "http://localhost:3006/" "Mozilla/5.0 (Windows NT 10.0; Win64; x64) AppleWebKit/537.36 (KHTML, like Gecko) Chrome/101.0.4951.54 Safari/537.36"
::1 - - [15/May/2022:12:43:26 +0000] "GET /api/uploads/busimage/resized/image-1652617828491.jpeg HTTP/1.1" 404 192 "http://localhost:3006/" "Mozilla/5.0 (Windows NT 10.0; Win64; x64) AppleWebKit/537.36 (KHTML, like Gecko) Chrome/101.0.4951.54 Safari/537.36"
::1 - - [15/May/2022:12:44:19 +0000] "OPTIONS /api/bookings/624c95b7ba962a7db0cb736a HTTP/1.1" 204 0 "http://localhost:3006/" "Mozilla/5.0 (Windows NT 10.0; Win64; x64) AppleWebKit/537.36 (KHTML, like Gecko) Chrome/101.0.4951.54 Safari/537.36"
::1 - - [15/May/2022:12:44:20 +0000] "PATCH /api/bookings/624c95b7ba962a7db0cb736a HTTP/1.1" 200 1382 "http://localhost:3006/" "Mozilla/5.0 (Windows NT 10.0; Win64; x64) AppleWebKit/537.36 (KHTML, like Gecko) Chrome/101.0.4951.54 Safari/537.36"
::1 - - [15/May/2022:12:44:20 +0000] "OPTIONS /api/bookings/my HTTP/1.1" 204 0 "http://localhost:3006/" "Mozilla/5.0 (Windows NT 10.0; Win64; x64) AppleWebKit/537.36 (KHTML, like Gecko) Chrome/101.0.4951.54 Safari/537.36"
::1 - - [15/May/2022:12:44:21 +0000] "GET /api/bookings/my HTTP/1.1" 200 8641 "http://localhost:3006/" "Mozilla/5.0 (Windows NT 10.0; Win64; x64) AppleWebKit/537.36 (KHTML, like Gecko) Chrome/101.0.4951.54 Safari/537.36"
::ffff:127.0.0.1 - - [15/May/2022:12:44:29 +0000] "GET /api/bus/search?endLocation=6280ed1600f67831885d3b20&journeyDate=2022-05-25&startLocation=624b63081afea10cdcbafa10 HTTP/1.1" 200 721 "-" "node-fetch/1.0 (+https://github.com/bitinn/node-fetch)"
::1 - - [15/May/2022:12:44:31 +0000] "GET /uploads/busimage/resized/image-1652617828491.jpeg HTTP/1.1" 304 - "http://localhost:3000/" "Mozilla/5.0 (Windows NT 10.0; Win64; x64) AppleWebKit/537.36 (KHTML, like Gecko) Chrome/101.0.4951.54 Safari/537.36"
::1 - - [15/May/2022:12:44:31 +0000] "GET /api/locations HTTP/1.1" 304 - "http://localhost:3000/" "Mozilla/5.0 (Windows NT 10.0; Win64; x64) AppleWebKit/537.36 (KHTML, like Gecko) Chrome/101.0.4951.54 Safari/537.36"
::1 - - [15/May/2022:12:44:32 +0000] "GET /api/travels HTTP/1.1" 304 - "http://localhost:3000/" "Mozilla/5.0 (Windows NT 10.0; Win64; x64) AppleWebKit/537.36 (KHTML, like Gecko) Chrome/101.0.4951.54 Safari/537.36"
::1 - - [15/May/2022:12:44:45 +0000] "OPTIONS /api/bookings/624c95b7ba962a7db0cb736a HTTP/1.1" 204 0 "http://localhost:3006/" "Mozilla/5.0 (Windows NT 10.0; Win64; x64) AppleWebKit/537.36 (KHTML, like Gecko) Chrome/101.0.4951.54 Safari/537.36"
::1 - - [15/May/2022:12:44:46 +0000] "PATCH /api/bookings/624c95b7ba962a7db0cb736a HTTP/1.1" 200 1385 "http://localhost:3006/" "Mozilla/5.0 (Windows NT 10.0; Win64; x64) AppleWebKit/537.36 (KHTML, like Gecko) Chrome/101.0.4951.54 Safari/537.36"
::1 - - [15/May/2022:12:44:46 +0000] "OPTIONS /api/bookings/my HTTP/1.1" 204 0 "http://localhost:3006/" "Mozilla/5.0 (Windows NT 10.0; Win64; x64) AppleWebKit/537.36 (KHTML, like Gecko) Chrome/101.0.4951.54 Safari/537.36"
::1 - - [15/May/2022:12:44:47 +0000] "GET /api/bookings/my HTTP/1.1" 200 8644 "http://localhost:3006/" "Mozilla/5.0 (Windows NT 10.0; Win64; x64) AppleWebKit/537.36 (KHTML, like Gecko) Chrome/101.0.4951.54 Safari/537.36"
::1 - - [15/May/2022:12:45:34 +0000] "OPTIONS /api/bus/owner-bus-unavailable HTTP/1.1" 204 0 "http://localhost:3006/" "Mozilla/5.0 (Windows NT 10.0; Win64; x64) AppleWebKit/537.36 (KHTML, like Gecko) Chrome/101.0.4951.54 Safari/537.36"
::1 - - [15/May/2022:12:45:34 +0000] "GET /api/uploads/null HTTP/1.1" 404 155 "http://localhost:3006/" "Mozilla/5.0 (Windows NT 10.0; Win64; x64) AppleWebKit/537.36 (KHTML, like Gecko) Chrome/101.0.4951.54 Safari/537.36"
::1 - - [15/May/2022:12:45:34 +0000] "GET /api/bus/owner-bus-unavailable HTTP/1.1" 304 - "http://localhost:3006/" "Mozilla/5.0 (Windows NT 10.0; Win64; x64) AppleWebKit/537.36 (KHTML, like Gecko) Chrome/101.0.4951.54 Safari/537.36"
::1 - - [15/May/2022:12:45:36 +0000] "OPTIONS /api/bus/owner-bus-available HTTP/1.1" 204 0 "http://localhost:3006/" "Mozilla/5.0 (Windows NT 10.0; Win64; x64) AppleWebKit/537.36 (KHTML, like Gecko) Chrome/101.0.4951.54 Safari/537.36"
::1 - - [15/May/2022:12:45:36 +0000] "GET /api/uploads/null HTTP/1.1" 404 155 "http://localhost:3006/" "Mozilla/5.0 (Windows NT 10.0; Win64; x64) AppleWebKit/537.36 (KHTML, like Gecko) Chrome/101.0.4951.54 Safari/537.36"
::1 - - [15/May/2022:12:45:37 +0000] "GET /api/bus/owner-bus-available HTTP/1.1" 304 - "http://localhost:3006/" "Mozilla/5.0 (Windows NT 10.0; Win64; x64) AppleWebKit/537.36 (KHTML, like Gecko) Chrome/101.0.4951.54 Safari/537.36"
::1 - - [15/May/2022:12:45:37 +0000] "GET /api/uploads/busimage/resized/image-1652617828491.jpeg HTTP/1.1" 404 192 "http://localhost:3006/" "Mozilla/5.0 (Windows NT 10.0; Win64; x64) AppleWebKit/537.36 (KHTML, like Gecko) Chrome/101.0.4951.54 Safari/537.36"
::1 - - [15/May/2022:12:45:57 +0000] "GET /api/uploads/null HTTP/1.1" 404 155 "http://localhost:3006/" "Mozilla/5.0 (Windows NT 10.0; Win64; x64) AppleWebKit/537.36 (KHTML, like Gecko) Chrome/101.0.4951.54 Safari/537.36"
::1 - - [15/May/2022:12:45:57 +0000] "OPTIONS /api/bus/test HTTP/1.1" 204 0 "http://localhost:3006/" "Mozilla/5.0 (Windows NT 10.0; Win64; x64) AppleWebKit/537.36 (KHTML, like Gecko) Chrome/101.0.4951.54 Safari/537.36"
::1 - - [15/May/2022:12:45:58 +0000] "GET /api/bus/test HTTP/1.1" 304 - "http://localhost:3006/" "Mozilla/5.0 (Windows NT 10.0; Win64; x64) AppleWebKit/537.36 (KHTML, like Gecko) Chrome/101.0.4951.54 Safari/537.36"
::1 - - [15/May/2022:12:46:06 +0000] "OPTIONS /api/bus/owner-bus-unavailable HTTP/1.1" 204 0 "http://localhost:3006/" "Mozilla/5.0 (Windows NT 10.0; Win64; x64) AppleWebKit/537.36 (KHTML, like Gecko) Chrome/101.0.4951.54 Safari/537.36"
::1 - - [15/May/2022:12:46:06 +0000] "GET /api/uploads/null HTTP/1.1" 404 155 "http://localhost:3006/" "Mozilla/5.0 (Windows NT 10.0; Win64; x64) AppleWebKit/537.36 (KHTML, like Gecko) Chrome/101.0.4951.54 Safari/537.36"
::1 - - [15/May/2022:12:46:07 +0000] "GET /api/bus/owner-bus-unavailable HTTP/1.1" 304 - "http://localhost:3006/" "Mozilla/5.0 (Windows NT 10.0; Win64; x64) AppleWebKit/537.36 (KHTML, like Gecko) Chrome/101.0.4951.54 Safari/537.36"
::1 - - [15/May/2022:12:46:08 +0000] "OPTIONS /api/bus/owner-bus-available HTTP/1.1" 204 0 "http://localhost:3006/" "Mozilla/5.0 (Windows NT 10.0; Win64; x64) AppleWebKit/537.36 (KHTML, like Gecko) Chrome/101.0.4951.54 Safari/537.36"
::1 - - [15/May/2022:12:46:08 +0000] "GET /api/uploads/null HTTP/1.1" 404 155 "http://localhost:3006/" "Mozilla/5.0 (Windows NT 10.0; Win64; x64) AppleWebKit/537.36 (KHTML, like Gecko) Chrome/101.0.4951.54 Safari/537.36"
::1 - - [15/May/2022:12:46:08 +0000] "GET /api/bus/owner-bus-available HTTP/1.1" 304 - "http://localhost:3006/" "Mozilla/5.0 (Windows NT 10.0; Win64; x64) AppleWebKit/537.36 (KHTML, like Gecko) Chrome/101.0.4951.54 Safari/537.36"
::1 - - [15/May/2022:12:46:08 +0000] "GET /api/uploads/busimage/resized/image-1652617828491.jpeg HTTP/1.1" 404 192 "http://localhost:3006/" "Mozilla/5.0 (Windows NT 10.0; Win64; x64) AppleWebKit/537.36 (KHTML, like Gecko) Chrome/101.0.4951.54 Safari/537.36"
::1 - - [15/May/2022:12:56:53 +0000] "GET /api/travels HTTP/1.1" 304 - "http://localhost:3000/" "Mozilla/5.0 (Windows NT 10.0; Win64; x64) AppleWebKit/537.36 (KHTML, like Gecko) Chrome/101.0.4951.54 Safari/537.36"
::1 - - [15/May/2022:12:56:53 +0000] "GET /api/locations HTTP/1.1" 304 - "http://localhost:3000/" "Mozilla/5.0 (Windows NT 10.0; Win64; x64) AppleWebKit/537.36 (KHTML, like Gecko) Chrome/101.0.4951.54 Safari/537.36"
::1 - - [15/May/2022:13:03:57 +0000] "GET /api/uploads/null HTTP/1.1" 404 155 "http://localhost:3006/" "Mozilla/5.0 (Windows NT 10.0; Win64; x64) AppleWebKit/537.36 (KHTML, like Gecko) Chrome/101.0.4951.54 Safari/537.36"
::1 - - [15/May/2022:13:03:57 +0000] "OPTIONS /api/bookings/my HTTP/1.1" 204 0 "http://localhost:3006/" "Mozilla/5.0 (Windows NT 10.0; Win64; x64) AppleWebKit/537.36 (KHTML, like Gecko) Chrome/101.0.4951.54 Safari/537.36"
::1 - - [15/May/2022:13:03:58 +0000] "GET /api/bookings/my HTTP/1.1" 304 - "http://localhost:3006/" "Mozilla/5.0 (Windows NT 10.0; Win64; x64) AppleWebKit/537.36 (KHTML, like Gecko) Chrome/101.0.4951.54 Safari/537.36"
::1 - - [15/May/2022:13:03:58 +0000] "GET /api/uploads/busimage/resized/image-1652617828491.jpeg HTTP/1.1" 404 192 "http://localhost:3006/" "Mozilla/5.0 (Windows NT 10.0; Win64; x64) AppleWebKit/537.36 (KHTML, like Gecko) Chrome/101.0.4951.54 Safari/537.36"
::1 - - [15/May/2022:13:04:54 +0000] "OPTIONS /api/auth-owner/signin HTTP/1.1" 204 0 "http://localhost:3006/" "Mozilla/5.0 (Windows NT 10.0; Win64; x64) AppleWebKit/537.36 (KHTML, like Gecko) Chrome/101.0.4951.54 Safari/537.36"
::1 - - [15/May/2022:13:04:55 +0000] "POST /api/auth-owner/signin HTTP/1.1" 200 357 "http://localhost:3006/" "Mozilla/5.0 (Windows NT 10.0; Win64; x64) AppleWebKit/537.36 (KHTML, like Gecko) Chrome/101.0.4951.54 Safari/537.36"
::1 - - [15/May/2022:13:04:55 +0000] "OPTIONS /api/bus/all-bus-available HTTP/1.1" 204 0 "http://localhost:3006/" "Mozilla/5.0 (Windows NT 10.0; Win64; x64) AppleWebKit/537.36 (KHTML, like Gecko) Chrome/101.0.4951.54 Safari/537.36"
::1 - - [15/May/2022:13:04:55 +0000] "OPTIONS /api/owners HTTP/1.1" 204 0 "http://localhost:3006/" "Mozilla/5.0 (Windows NT 10.0; Win64; x64) AppleWebKit/537.36 (KHTML, like Gecko) Chrome/101.0.4951.54 Safari/537.36"
::1 - - [15/May/2022:13:04:55 +0000] "OPTIONS /api/bus/owner-bus-available HTTP/1.1" 204 0 "http://localhost:3006/" "Mozilla/5.0 (Windows NT 10.0; Win64; x64) AppleWebKit/537.36 (KHTML, like Gecko) Chrome/101.0.4951.54 Safari/537.36"
::1 - - [15/May/2022:13:04:55 +0000] "OPTIONS /api/bookings/my HTTP/1.1" 204 0 "http://localhost:3006/" "Mozilla/5.0 (Windows NT 10.0; Win64; x64) AppleWebKit/537.36 (KHTML, like Gecko) Chrome/101.0.4951.54 Safari/537.36"
::1 - - [15/May/2022:13:04:55 +0000] "GET /api/uploads/null HTTP/1.1" 404 155 "http://localhost:3006/" "Mozilla/5.0 (Windows NT 10.0; Win64; x64) AppleWebKit/537.36 (KHTML, like Gecko) Chrome/101.0.4951.54 Safari/537.36"
::1 - - [15/May/2022:13:04:55 +0000] "GET /api/owners HTTP/1.1" 304 - "http://localhost:3006/" "Mozilla/5.0 (Windows NT 10.0; Win64; x64) AppleWebKit/537.36 (KHTML, like Gecko) Chrome/101.0.4951.54 Safari/537.36"
::1 - - [15/May/2022:13:04:56 +0000] "OPTIONS /api/guests HTTP/1.1" 204 0 "http://localhost:3006/" "Mozilla/5.0 (Windows NT 10.0; Win64; x64) AppleWebKit/537.36 (KHTML, like Gecko) Chrome/101.0.4951.54 Safari/537.36"
::1 - - [15/May/2022:13:04:56 +0000] "GET /api/bus/all-bus-available HTTP/1.1" 200 1312 "http://localhost:3006/" "Mozilla/5.0 (Windows NT 10.0; Win64; x64) AppleWebKit/537.36 (KHTML, like Gecko) Chrome/101.0.4951.54 Safari/537.36"
::1 - - [15/May/2022:13:04:56 +0000] "OPTIONS /api/bus/all-bus-unavailable HTTP/1.1" 204 0 "http://localhost:3006/" "Mozilla/5.0 (Windows NT 10.0; Win64; x64) AppleWebKit/537.36 (KHTML, like Gecko) Chrome/101.0.4951.54 Safari/537.36"
::1 - - [15/May/2022:13:04:56 +0000] "GET /api/bookings/my HTTP/1.1" 200 2 "http://localhost:3006/" "Mozilla/5.0 (Windows NT 10.0; Win64; x64) AppleWebKit/537.36 (KHTML, like Gecko) Chrome/101.0.4951.54 Safari/537.36"
::1 - - [15/May/2022:13:04:56 +0000] "GET /api/guests HTTP/1.1" 200 997 "http://localhost:3006/" "Mozilla/5.0 (Windows NT 10.0; Win64; x64) AppleWebKit/537.36 (KHTML, like Gecko) Chrome/101.0.4951.54 Safari/537.36"
::1 - - [15/May/2022:13:04:56 +0000] "GET /api/bus/all-bus-unavailable HTTP/1.1" 304 - "http://localhost:3006/" "Mozilla/5.0 (Windows NT 10.0; Win64; x64) AppleWebKit/537.36 (KHTML, like Gecko) Chrome/101.0.4951.54 Safari/537.36"
::1 - - [15/May/2022:13:04:56 +0000] "GET /api/bus/owner-bus-available HTTP/1.1" 200 590 "http://localhost:3006/" "Mozilla/5.0 (Windows NT 10.0; Win64; x64) AppleWebKit/537.36 (KHTML, like Gecko) Chrome/101.0.4951.54 Safari/537.36"
::1 - - [15/May/2022:13:04:56 +0000] "OPTIONS /api/users HTTP/1.1" 204 0 "http://localhost:3006/" "Mozilla/5.0 (Windows NT 10.0; Win64; x64) AppleWebKit/537.36 (KHTML, like Gecko) Chrome/101.0.4951.54 Safari/537.36"
::1 - - [15/May/2022:13:04:56 +0000] "OPTIONS /api/bus/owner-bus-unavailable HTTP/1.1" 204 0 "http://localhost:3006/" "Mozilla/5.0 (Windows NT 10.0; Win64; x64) AppleWebKit/537.36 (KHTML, like Gecko) Chrome/101.0.4951.54 Safari/537.36"
::1 - - [15/May/2022:13:04:56 +0000] "GET /api/users HTTP/1.1" 304 - "http://localhost:3006/" "Mozilla/5.0 (Windows NT 10.0; Win64; x64) AppleWebKit/537.36 (KHTML, like Gecko) Chrome/101.0.4951.54 Safari/537.36"
::1 - - [15/May/2022:13:04:56 +0000] "GET /api/bus/owner-bus-unavailable HTTP/1.1" 304 - "http://localhost:3006/" "Mozilla/5.0 (Windows NT 10.0; Win64; x64) AppleWebKit/537.36 (KHTML, like Gecko) Chrome/101.0.4951.54 Safari/537.36"
::1 - - [15/May/2022:13:05:04 +0000] "GET /api/uploads/null HTTP/1.1" 404 155 "http://localhost:3006/" "Mozilla/5.0 (Windows NT 10.0; Win64; x64) AppleWebKit/537.36 (KHTML, like Gecko) Chrome/101.0.4951.54 Safari/537.36"
::1 - - [15/May/2022:13:05:04 +0000] "OPTIONS /api/owners HTTP/1.1" 204 0 "http://localhost:3006/" "Mozilla/5.0 (Windows NT 10.0; Win64; x64) AppleWebKit/537.36 (KHTML, like Gecko) Chrome/101.0.4951.54 Safari/537.36"
::1 - - [15/May/2022:13:05:04 +0000] "GET /api/owners HTTP/1.1" 304 - "http://localhost:3006/" "Mozilla/5.0 (Windows NT 10.0; Win64; x64) AppleWebKit/537.36 (KHTML, like Gecko) Chrome/101.0.4951.54 Safari/537.36"
::1 - - [15/May/2022:13:05:07 +0000] "OPTIONS /api/bookings/all HTTP/1.1" 204 0 "http://localhost:3006/" "Mozilla/5.0 (Windows NT 10.0; Win64; x64) AppleWebKit/537.36 (KHTML, like Gecko) Chrome/101.0.4951.54 Safari/537.36"
::1 - - [15/May/2022:13:05:07 +0000] "GET /api/uploads/null HTTP/1.1" 404 155 "http://localhost:3006/" "Mozilla/5.0 (Windows NT 10.0; Win64; x64) AppleWebKit/537.36 (KHTML, like Gecko) Chrome/101.0.4951.54 Safari/537.36"
::1 - - [15/May/2022:13:05:07 +0000] "GET /api/bookings/all HTTP/1.1" 200 8644 "http://localhost:3006/" "Mozilla/5.0 (Windows NT 10.0; Win64; x64) AppleWebKit/537.36 (KHTML, like Gecko) Chrome/101.0.4951.54 Safari/537.36"
::1 - - [15/May/2022:13:05:07 +0000] "GET /api/uploads/busimage/resized/image-1652617828491.jpeg HTTP/1.1" 404 192 "http://localhost:3006/" "Mozilla/5.0 (Windows NT 10.0; Win64; x64) AppleWebKit/537.36 (KHTML, like Gecko) Chrome/101.0.4951.54 Safari/537.36"
::1 - - [15/May/2022:13:05:19 +0000] "OPTIONS /api/bookings/624c95b7ba962a7db0cb736a HTTP/1.1" 204 0 "http://localhost:3006/" "Mozilla/5.0 (Windows NT 10.0; Win64; x64) AppleWebKit/537.36 (KHTML, like Gecko) Chrome/101.0.4951.54 Safari/537.36"
::1 - - [15/May/2022:13:05:20 +0000] "PATCH /api/bookings/624c95b7ba962a7db0cb736a HTTP/1.1" 200 1382 "http://localhost:3006/" "Mozilla/5.0 (Windows NT 10.0; Win64; x64) AppleWebKit/537.36 (KHTML, like Gecko) Chrome/101.0.4951.54 Safari/537.36"
::1 - - [15/May/2022:13:05:20 +0000] "OPTIONS /api/bookings/all HTTP/1.1" 204 0 "http://localhost:3006/" "Mozilla/5.0 (Windows NT 10.0; Win64; x64) AppleWebKit/537.36 (KHTML, like Gecko) Chrome/101.0.4951.54 Safari/537.36"
::1 - - [15/May/2022:13:05:20 +0000] "GET /api/bookings/all HTTP/1.1" 200 8641 "http://localhost:3006/" "Mozilla/5.0 (Windows NT 10.0; Win64; x64) AppleWebKit/537.36 (KHTML, like Gecko) Chrome/101.0.4951.54 Safari/537.36"
::1 - - [15/May/2022:13:07:32 +0000] "OPTIONS /api/bus/owner-bus-available HTTP/1.1" 204 0 "http://localhost:3006/" "Mozilla/5.0 (Windows NT 10.0; Win64; x64) AppleWebKit/537.36 (KHTML, like Gecko) Chrome/101.0.4951.54 Safari/537.36"
::1 - - [15/May/2022:13:07:32 +0000] "GET /api/uploads/null HTTP/1.1" 404 155 "http://localhost:3006/" "Mozilla/5.0 (Windows NT 10.0; Win64; x64) AppleWebKit/537.36 (KHTML, like Gecko) Chrome/101.0.4951.54 Safari/537.36"
::1 - - [15/May/2022:13:07:34 +0000] "GET /api/bus/owner-bus-available HTTP/1.1" 304 - "http://localhost:3006/" "Mozilla/5.0 (Windows NT 10.0; Win64; x64) AppleWebKit/537.36 (KHTML, like Gecko) Chrome/101.0.4951.54 Safari/537.36"
::1 - - [15/May/2022:13:07:34 +0000] "GET /api/uploads/busimage/resized/image-1649109276852.png HTTP/1.1" 404 191 "http://localhost:3006/" "Mozilla/5.0 (Windows NT 10.0; Win64; x64) AppleWebKit/537.36 (KHTML, like Gecko) Chrome/101.0.4951.54 Safari/537.36"
::1 - - [15/May/2022:13:07:39 +0000] "OPTIONS /api/bookings/all HTTP/1.1" 204 0 "http://localhost:3006/" "Mozilla/5.0 (Windows NT 10.0; Win64; x64) AppleWebKit/537.36 (KHTML, like Gecko) Chrome/101.0.4951.54 Safari/537.36"
::1 - - [15/May/2022:13:07:39 +0000] "GET /api/uploads/null HTTP/1.1" 404 155 "http://localhost:3006/" "Mozilla/5.0 (Windows NT 10.0; Win64; x64) AppleWebKit/537.36 (KHTML, like Gecko) Chrome/101.0.4951.54 Safari/537.36"
::1 - - [15/May/2022:13:07:40 +0000] "GET /api/bookings/all HTTP/1.1" 304 - "http://localhost:3006/" "Mozilla/5.0 (Windows NT 10.0; Win64; x64) AppleWebKit/537.36 (KHTML, like Gecko) Chrome/101.0.4951.54 Safari/537.36"
::1 - - [15/May/2022:13:07:40 +0000] "GET /api/uploads/busimage/resized/image-1652617828491.jpeg HTTP/1.1" 404 192 "http://localhost:3006/" "Mozilla/5.0 (Windows NT 10.0; Win64; x64) AppleWebKit/537.36 (KHTML, like Gecko) Chrome/101.0.4951.54 Safari/537.36"
::1 - - [15/May/2022:13:07:54 +0000] "OPTIONS /api/bookings/my HTTP/1.1" 204 0 "http://localhost:3006/" "Mozilla/5.0 (Windows NT 10.0; Win64; x64) AppleWebKit/537.36 (KHTML, like Gecko) Chrome/101.0.4951.54 Safari/537.36"
::1 - - [15/May/2022:13:07:55 +0000] "GET /api/uploads/null HTTP/1.1" 404 155 "http://localhost:3006/" "Mozilla/5.0 (Windows NT 10.0; Win64; x64) AppleWebKit/537.36 (KHTML, like Gecko) Chrome/101.0.4951.54 Safari/537.36"
::1 - - [15/May/2022:13:07:55 +0000] "GET /api/bookings/my HTTP/1.1" 304 - "http://localhost:3006/" "Mozilla/5.0 (Windows NT 10.0; Win64; x64) AppleWebKit/537.36 (KHTML, like Gecko) Chrome/101.0.4951.54 Safari/537.36"
::1 - - [15/May/2022:13:07:58 +0000] "GET /api/uploads/null HTTP/1.1" 404 155 "http://localhost:3006/" "Mozilla/5.0 (Windows NT 10.0; Win64; x64) AppleWebKit/537.36 (KHTML, like Gecko) Chrome/101.0.4951.54 Safari/537.36"
::1 - - [15/May/2022:13:07:58 +0000] "OPTIONS /api/bus/all-bus-unavailable HTTP/1.1" 204 0 "http://localhost:3006/" "Mozilla/5.0 (Windows NT 10.0; Win64; x64) AppleWebKit/537.36 (KHTML, like Gecko) Chrome/101.0.4951.54 Safari/537.36"
::1 - - [15/May/2022:13:07:58 +0000] "GET /api/bus/all-bus-unavailable HTTP/1.1" 304 - "http://localhost:3006/" "Mozilla/5.0 (Windows NT 10.0; Win64; x64) AppleWebKit/537.36 (KHTML, like Gecko) Chrome/101.0.4951.54 Safari/537.36"
::1 - - [15/May/2022:13:07:59 +0000] "GET /api/uploads/null HTTP/1.1" 404 155 "http://localhost:3006/" "Mozilla/5.0 (Windows NT 10.0; Win64; x64) AppleWebKit/537.36 (KHTML, like Gecko) Chrome/101.0.4951.54 Safari/537.36"
::1 - - [15/May/2022:13:07:59 +0000] "OPTIONS /api/bus/owner-bus-available HTTP/1.1" 204 0 "http://localhost:3006/" "Mozilla/5.0 (Windows NT 10.0; Win64; x64) AppleWebKit/537.36 (KHTML, like Gecko) Chrome/101.0.4951.54 Safari/537.36"
::1 - - [15/May/2022:13:08:00 +0000] "GET /api/bus/owner-bus-available HTTP/1.1" 304 - "http://localhost:3006/" "Mozilla/5.0 (Windows NT 10.0; Win64; x64) AppleWebKit/537.36 (KHTML, like Gecko) Chrome/101.0.4951.54 Safari/537.36"
::1 - - [15/May/2022:13:08:00 +0000] "GET /api/uploads/busimage/resized/image-1649109276852.png HTTP/1.1" 404 191 "http://localhost:3006/" "Mozilla/5.0 (Windows NT 10.0; Win64; x64) AppleWebKit/537.36 (KHTML, like Gecko) Chrome/101.0.4951.54 Safari/537.36"
::1 - - [15/May/2022:13:08:02 +0000] "OPTIONS /api/bus/owner-bus-unavailable HTTP/1.1" 204 0 "http://localhost:3006/" "Mozilla/5.0 (Windows NT 10.0; Win64; x64) AppleWebKit/537.36 (KHTML, like Gecko) Chrome/101.0.4951.54 Safari/537.36"
::1 - - [15/May/2022:13:08:02 +0000] "GET /api/uploads/null HTTP/1.1" 404 155 "http://localhost:3006/" "Mozilla/5.0 (Windows NT 10.0; Win64; x64) AppleWebKit/537.36 (KHTML, like Gecko) Chrome/101.0.4951.54 Safari/537.36"
::1 - - [15/May/2022:13:08:03 +0000] "GET /api/bus/owner-bus-unavailable HTTP/1.1" 304 - "http://localhost:3006/" "Mozilla/5.0 (Windows NT 10.0; Win64; x64) AppleWebKit/537.36 (KHTML, like Gecko) Chrome/101.0.4951.54 Safari/537.36"
::1 - - [15/May/2022:13:44:06 +0000] "OPTIONS /api/bus/owner-bus-unavailable HTTP/1.1" 204 0 "http://localhost:3006/" "Mozilla/5.0 (Windows NT 10.0; Win64; x64) AppleWebKit/537.36 (KHTML, like Gecko) Chrome/101.0.4951.54 Safari/537.36"
::1 - - [15/May/2022:13:44:06 +0000] "GET /api/uploads/null HTTP/1.1" 404 155 "http://localhost:3006/" "Mozilla/5.0 (Windows NT 10.0; Win64; x64) AppleWebKit/537.36 (KHTML, like Gecko) Chrome/101.0.4951.54 Safari/537.36"
::1 - - [15/May/2022:13:44:06 +0000] "GET /api/bus/owner-bus-unavailable HTTP/1.1" 304 - "http://localhost:3006/" "Mozilla/5.0 (Windows NT 10.0; Win64; x64) AppleWebKit/537.36 (KHTML, like Gecko) Chrome/101.0.4951.54 Safari/537.36"
::1 - - [15/May/2022:13:45:16 +0000] "GET /api/uploads/null HTTP/1.1" 404 155 "http://localhost:3006/" "Mozilla/5.0 (Windows NT 10.0; Win64; x64) AppleWebKit/537.36 (KHTML, like Gecko) Chrome/101.0.4951.54 Safari/537.36"
