::1 - - [25/Apr/2022:19:51:39 +0000] "OPTIONS /api/auth-owner/signin HTTP/1.1" 204 0 "http://localhost:3006/" "Mozilla/5.0 (Windows NT 10.0; Win64; x64) AppleWebKit/537.36 (KHTML, like Gecko) Chrome/100.0.4896.127 Safari/537.36"
::1 - - [25/Apr/2022:19:51:42 +0000] "POST /api/auth-owner/signin HTTP/1.1" 401 43 "http://localhost:3006/" "Mozilla/5.0 (Windows NT 10.0; Win64; x64) AppleWebKit/537.36 (KHTML, like Gecko) Chrome/100.0.4896.127 Safari/537.36"
::1 - - [25/Apr/2022:19:51:55 +0000] "OPTIONS /api/auth-owner/signin HTTP/1.1" 204 0 "http://localhost:3006/" "Mozilla/5.0 (Windows NT 10.0; Win64; x64) AppleWebKit/537.36 (KHTML, like Gecko) Chrome/100.0.4896.127 Safari/537.36"
::1 - - [25/Apr/2022:19:51:56 +0000] "POST /api/auth-owner/signin HTTP/1.1" 200 357 "http://localhost:3006/" "Mozilla/5.0 (Windows NT 10.0; Win64; x64) AppleWebKit/537.36 (KHTML, like Gecko) Chrome/100.0.4896.127 Safari/537.36"
::1 - - [25/Apr/2022:19:51:57 +0000] "OPTIONS /api/bus/all-bus-available HTTP/1.1" 204 0 "http://localhost:3006/" "Mozilla/5.0 (Windows NT 10.0; Win64; x64) AppleWebKit/537.36 (KHTML, like Gecko) Chrome/100.0.4896.127 Safari/537.36"
::1 - - [25/Apr/2022:19:51:57 +0000] "OPTIONS /api/owners HTTP/1.1" 204 0 "http://localhost:3006/" "Mozilla/5.0 (Windows NT 10.0; Win64; x64) AppleWebKit/537.36 (KHTML, like Gecko) Chrome/100.0.4896.127 Safari/537.36"
::1 - - [25/Apr/2022:19:51:57 +0000] "OPTIONS /api/bus/owner-bus-available HTTP/1.1" 204 0 "http://localhost:3006/" "Mozilla/5.0 (Windows NT 10.0; Win64; x64) AppleWebKit/537.36 (KHTML, like Gecko) Chrome/100.0.4896.127 Safari/537.36"
::1 - - [25/Apr/2022:19:51:57 +0000] "OPTIONS /api/bookings/my HTTP/1.1" 204 0 "http://localhost:3006/" "Mozilla/5.0 (Windows NT 10.0; Win64; x64) AppleWebKit/537.36 (KHTML, like Gecko) Chrome/100.0.4896.127 Safari/537.36"
::1 - - [25/Apr/2022:19:51:57 +0000] "GET /api/uploads/null HTTP/1.1" 404 155 "http://localhost:3006/" "Mozilla/5.0 (Windows NT 10.0; Win64; x64) AppleWebKit/537.36 (KHTML, like Gecko) Chrome/100.0.4896.127 Safari/537.36"
::1 - - [25/Apr/2022:19:51:57 +0000] "GET /api/owners HTTP/1.1" 200 382 "http://localhost:3006/" "Mozilla/5.0 (Windows NT 10.0; Win64; x64) AppleWebKit/537.36 (KHTML, like Gecko) Chrome/100.0.4896.127 Safari/537.36"
::1 - - [25/Apr/2022:19:51:57 +0000] "OPTIONS /api/guests HTTP/1.1" 204 0 "http://localhost:3006/" "Mozilla/5.0 (Windows NT 10.0; Win64; x64) AppleWebKit/537.36 (KHTML, like Gecko) Chrome/100.0.4896.127 Safari/537.36"
::1 - - [25/Apr/2022:19:51:59 +0000] "GET /api/bus/all-bus-available HTTP/1.1" 200 1297 "http://localhost:3006/" "Mozilla/5.0 (Windows NT 10.0; Win64; x64) AppleWebKit/537.36 (KHTML, like Gecko) Chrome/100.0.4896.127 Safari/537.36"
::1 - - [25/Apr/2022:19:51:59 +0000] "GET /api/bookings/my HTTP/1.1" 200 2 "http://localhost:3006/" "Mozilla/5.0 (Windows NT 10.0; Win64; x64) AppleWebKit/537.36 (KHTML, like Gecko) Chrome/100.0.4896.127 Safari/537.36"
::1 - - [25/Apr/2022:19:51:59 +0000] "GET /api/guests HTTP/1.1" 200 796 "http://localhost:3006/" "Mozilla/5.0 (Windows NT 10.0; Win64; x64) AppleWebKit/537.36 (KHTML, like Gecko) Chrome/100.0.4896.127 Safari/537.36"
::1 - - [25/Apr/2022:19:51:59 +0000] "OPTIONS /api/bus/all-bus-unavailable HTTP/1.1" 204 0 "http://localhost:3006/" "Mozilla/5.0 (Windows NT 10.0; Win64; x64) AppleWebKit/537.36 (KHTML, like Gecko) Chrome/100.0.4896.127 Safari/537.36"
::1 - - [25/Apr/2022:19:51:59 +0000] "OPTIONS /api/users HTTP/1.1" 204 0 "http://localhost:3006/" "Mozilla/5.0 (Windows NT 10.0; Win64; x64) AppleWebKit/537.36 (KHTML, like Gecko) Chrome/100.0.4896.127 Safari/537.36"
::1 - - [25/Apr/2022:19:51:59 +0000] "GET /api/bus/owner-bus-available HTTP/1.1" 200 590 "http://localhost:3006/" "Mozilla/5.0 (Windows NT 10.0; Win64; x64) AppleWebKit/537.36 (KHTML, like Gecko) Chrome/100.0.4896.127 Safari/537.36"
::1 - - [25/Apr/2022:19:51:59 +0000] "OPTIONS /api/bus/owner-bus-unavailable HTTP/1.1" 204 0 "http://localhost:3006/" "Mozilla/5.0 (Windows NT 10.0; Win64; x64) AppleWebKit/537.36 (KHTML, like Gecko) Chrome/100.0.4896.127 Safari/537.36"
::1 - - [25/Apr/2022:19:51:59 +0000] "GET /api/bus/all-bus-unavailable HTTP/1.1" 200 2 "http://localhost:3006/" "Mozilla/5.0 (Windows NT 10.0; Win64; x64) AppleWebKit/537.36 (KHTML, like Gecko) Chrome/100.0.4896.127 Safari/537.36"
::1 - - [25/Apr/2022:19:51:59 +0000] "GET /api/users HTTP/1.1" 200 2 "http://localhost:3006/" "Mozilla/5.0 (Windows NT 10.0; Win64; x64) AppleWebKit/537.36 (KHTML, like Gecko) Chrome/100.0.4896.127 Safari/537.36"
::1 - - [25/Apr/2022:19:51:59 +0000] "GET /api/bus/owner-bus-unavailable HTTP/1.1" 200 2 "http://localhost:3006/" "Mozilla/5.0 (Windows NT 10.0; Win64; x64) AppleWebKit/537.36 (KHTML, like Gecko) Chrome/100.0.4896.127 Safari/537.36"
::1 - - [25/Apr/2022:19:52:24 +0000] "OPTIONS /api/bookings/all HTTP/1.1" 204 0 "http://localhost:3006/" "Mozilla/5.0 (Windows NT 10.0; Win64; x64) AppleWebKit/537.36 (KHTML, like Gecko) Chrome/100.0.4896.127 Safari/537.36"
::1 - - [25/Apr/2022:19:52:24 +0000] "GET /api/uploads/null HTTP/1.1" 404 155 "http://localhost:3006/" "Mozilla/5.0 (Windows NT 10.0; Win64; x64) AppleWebKit/537.36 (KHTML, like Gecko) Chrome/100.0.4896.127 Safari/537.36"
::1 - - [25/Apr/2022:19:52:24 +0000] "GET /api/bookings/all HTTP/1.1" 200 7170 "http://localhost:3006/" "Mozilla/5.0 (Windows NT 10.0; Win64; x64) AppleWebKit/537.36 (KHTML, like Gecko) Chrome/100.0.4896.127 Safari/537.36"
::1 - - [25/Apr/2022:19:52:25 +0000] "GET /api/uploads/busimage/resized/image-1649111727437.png HTTP/1.1" 404 191 "http://localhost:3006/" "Mozilla/5.0 (Windows NT 10.0; Win64; x64) AppleWebKit/537.36 (KHTML, like Gecko) Chrome/100.0.4896.127 Safari/537.36"
::1 - - [25/Apr/2022:19:52:49 +0000] "GET /api/uploads/null HTTP/1.1" 404 155 "http://localhost:3006/" "Mozilla/5.0 (Windows NT 10.0; Win64; x64) AppleWebKit/537.36 (KHTML, like Gecko) Chrome/100.0.4896.127 Safari/537.36"
::1 - - [25/Apr/2022:19:52:49 +0000] "OPTIONS /api/travels HTTP/1.1" 204 0 "http://localhost:3006/" "Mozilla/5.0 (Windows NT 10.0; Win64; x64) AppleWebKit/537.36 (KHTML, like Gecko) Chrome/100.0.4896.127 Safari/537.36"
::1 - - [25/Apr/2022:19:52:49 +0000] "GET /api/travels HTTP/1.1" 200 180 "http://localhost:3006/" "Mozilla/5.0 (Windows NT 10.0; Win64; x64) AppleWebKit/537.36 (KHTML, like Gecko) Chrome/100.0.4896.127 Safari/537.36"
::1 - - [25/Apr/2022:19:52:54 +0000] "GET /api/uploads/null HTTP/1.1" 404 155 "http://localhost:3006/" "Mozilla/5.0 (Windows NT 10.0; Win64; x64) AppleWebKit/537.36 (KHTML, like Gecko) Chrome/100.0.4896.127 Safari/537.36"
::1 - - [25/Apr/2022:19:52:54 +0000] "OPTIONS /api/locations HTTP/1.1" 204 0 "http://localhost:3006/" "Mozilla/5.0 (Windows NT 10.0; Win64; x64) AppleWebKit/537.36 (KHTML, like Gecko) Chrome/100.0.4896.127 Safari/537.36"
::1 - - [25/Apr/2022:19:52:54 +0000] "OPTIONS /api/travels HTTP/1.1" 204 0 "http://localhost:3006/" "Mozilla/5.0 (Windows NT 10.0; Win64; x64) AppleWebKit/537.36 (KHTML, like Gecko) Chrome/100.0.4896.127 Safari/537.36"
::1 - - [25/Apr/2022:19:52:54 +0000] "GET /api/locations HTTP/1.1" 200 161 "http://localhost:3006/" "Mozilla/5.0 (Windows NT 10.0; Win64; x64) AppleWebKit/537.36 (KHTML, like Gecko) Chrome/100.0.4896.127 Safari/537.36"
::1 - - [25/Apr/2022:19:52:54 +0000] "GET /api/travels HTTP/1.1" 304 - "http://localhost:3006/" "Mozilla/5.0 (Windows NT 10.0; Win64; x64) AppleWebKit/537.36 (KHTML, like Gecko) Chrome/100.0.4896.127 Safari/537.36"
