::1 - - [22/May/2022:19:22:02 +0000] "GET /api/uploads/null HTTP/1.1" 404 155 "http://localhost:3006/" "Mozilla/5.0 (Windows NT 10.0; Win64; x64) AppleWebKit/537.36 (KHTML, like Gecko) Chrome/101.0.4951.67 Safari/537.36"
::1 - - [22/May/2022:19:28:11 +0000] "GET /api/uploads/null HTTP/1.1" 404 155 "http://localhost:3006/" "Mozilla/5.0 (Windows NT 10.0; Win64; x64) AppleWebKit/537.36 (KHTML, like Gecko) Chrome/101.0.4951.67 Safari/537.36"
::1 - - [22/May/2022:19:28:12 +0000] "GET /api/uploads/busimage/resized/image-1652617828491.jpeg HTTP/1.1" 404 192 "http://localhost:3006/" "Mozilla/5.0 (Windows NT 10.0; Win64; x64) AppleWebKit/537.36 (KHTML, like Gecko) Chrome/101.0.4951.67 Safari/537.36"
::1 - - [22/May/2022:20:15:46 +0000] "GET /api/uploads/null HTTP/1.1" 404 155 "http://localhost:3006/" "Mozilla/5.0 (Windows NT 10.0; Win64; x64) AppleWebKit/537.36 (KHTML, like Gecko) Chrome/101.0.4951.67 Safari/537.36"
::1 - - [22/May/2022:20:15:47 +0000] "GET /api/uploads/busimage/resized/image-1652617828491.jpeg HTTP/1.1" 404 192 "http://localhost:3006/" "Mozilla/5.0 (Windows NT 10.0; Win64; x64) AppleWebKit/537.36 (KHTML, like Gecko) Chrome/101.0.4951.67 Safari/537.36"
::1 - - [22/May/2022:20:15:53 +0000] "GET /api/uploads/null HTTP/1.1" 404 155 "http://localhost:3006/" "Mozilla/5.0 (Windows NT 10.0; Win64; x64) AppleWebKit/537.36 (KHTML, like Gecko) Chrome/101.0.4951.67 Safari/537.36"
::1 - - [22/May/2022:20:15:54 +0000] "GET /api/uploads/null HTTP/1.1" 404 155 "http://localhost:3006/" "Mozilla/5.0 (Windows NT 10.0; Win64; x64) AppleWebKit/537.36 (KHTML, like Gecko) Chrome/101.0.4951.67 Safari/537.36"
::1 - - [22/May/2022:20:16:00 +0000] "GET /api/uploads/null HTTP/1.1" 404 155 "http://localhost:3006/" "Mozilla/5.0 (Windows NT 10.0; Win64; x64) AppleWebKit/537.36 (KHTML, like Gecko) Chrome/101.0.4951.67 Safari/537.36"
::1 - - [22/May/2022:20:16:01 +0000] "GET /api/uploads/busimage/resized/image-1652617828491.jpeg HTTP/1.1" 404 192 "http://localhost:3006/" "Mozilla/5.0 (Windows NT 10.0; Win64; x64) AppleWebKit/537.36 (KHTML, like Gecko) Chrome/101.0.4951.67 Safari/537.36"
::1 - - [22/May/2022:20:16:05 +0000] "GET /api/uploads/null HTTP/1.1" 404 155 "http://localhost:3006/" "Mozilla/5.0 (Windows NT 10.0; Win64; x64) AppleWebKit/537.36 (KHTML, like Gecko) Chrome/101.0.4951.67 Safari/537.36"
::1 - - [22/May/2022:20:16:06 +0000] "GET /api/uploads/null HTTP/1.1" 404 155 "http://localhost:3006/" "Mozilla/5.0 (Windows NT 10.0; Win64; x64) AppleWebKit/537.36 (KHTML, like Gecko) Chrome/101.0.4951.67 Safari/537.36"
::1 - - [22/May/2022:20:16:08 +0000] "GET /api/uploads/null HTTP/1.1" 404 155 "http://localhost:3006/" "Mozilla/5.0 (Windows NT 10.0; Win64; x64) AppleWebKit/537.36 (KHTML, like Gecko) Chrome/101.0.4951.67 Safari/537.36"
::1 - - [22/May/2022:20:16:36 +0000] "GET /uploads/busimage/resized/image-1652617828491.jpeg HTTP/1.1" 200 233736 "http://localhost:3000/" "Mozilla/5.0 (Windows NT 10.0; Win64; x64) AppleWebKit/537.36 (KHTML, like Gecko) Chrome/101.0.4951.67 Safari/537.36"
::1 - - [22/May/2022:20:18:41 +0000] "GET /api/uploads/null HTTP/1.1" 404 155 "-" "Mozilla/5.0 (Windows NT 10.0; Win64; x64) AppleWebKit/537.36 (KHTML, like Gecko) Chrome/101.0.4951.67 Safari/537.36"
::1 - - [22/May/2022:20:18:52 +0000] "GET /api/uploads/null HTTP/1.1" 404 155 "-" "Mozilla/5.0 (Windows NT 10.0; Win64; x64) AppleWebKit/537.36 (KHTML, like Gecko) Chrome/101.0.4951.67 Safari/537.36"
::1 - - [22/May/2022:20:18:53 +0000] "GET /api/uploads/busimage/resized/image-1652617828491.jpeg HTTP/1.1" 404 192 "-" "Mozilla/5.0 (Windows NT 10.0; Win64; x64) AppleWebKit/537.36 (KHTML, like Gecko) Chrome/101.0.4951.67 Safari/537.36"
::1 - - [22/May/2022:20:26:50 +0000] "GET /api/uploads/null HTTP/1.1" 404 155 "http://localhost:3006/" "Mozilla/5.0 (Windows NT 10.0; Win64; x64) AppleWebKit/537.36 (KHTML, like Gecko) Chrome/101.0.4951.67 Safari/537.36"
::1 - - [22/May/2022:20:27:05 +0000] "GET /api/uploads/null HTTP/1.1" 404 155 "http://localhost:3006/" "Mozilla/5.0 (Windows NT 10.0; Win64; x64) AppleWebKit/537.36 (KHTML, like Gecko) Chrome/101.0.4951.67 Safari/537.36"
::1 - - [22/May/2022:20:27:14 +0000] "GET /api/uploads/null HTTP/1.1" 404 155 "http://localhost:3006/" "Mozilla/5.0 (Windows NT 10.0; Win64; x64) AppleWebKit/537.36 (KHTML, like Gecko) Chrome/101.0.4951.67 Safari/537.36"
::1 - - [22/May/2022:20:27:15 +0000] "GET /api/uploads/null HTTP/1.1" 404 155 "http://localhost:3006/" "Mozilla/5.0 (Windows NT 10.0; Win64; x64) AppleWebKit/537.36 (KHTML, like Gecko) Chrome/101.0.4951.67 Safari/537.36"
::1 - - [22/May/2022:20:27:28 +0000] "GET /api/uploads/null HTTP/1.1" 404 155 "http://localhost:3006/" "Mozilla/5.0 (Windows NT 10.0; Win64; x64) AppleWebKit/537.36 (KHTML, like Gecko) Chrome/101.0.4951.67 Safari/537.36"
::1 - - [22/May/2022:20:27:32 +0000] "GET /api/uploads/null HTTP/1.1" 404 155 "http://localhost:3006/" "Mozilla/5.0 (Windows NT 10.0; Win64; x64) AppleWebKit/537.36 (KHTML, like Gecko) Chrome/101.0.4951.67 Safari/537.36"
::1 - - [22/May/2022:20:27:32 +0000] "GET /api/uploads/busimage/resized/image-1649109276852.png HTTP/1.1" 404 191 "http://localhost:3006/" "Mozilla/5.0 (Windows NT 10.0; Win64; x64) AppleWebKit/537.36 (KHTML, like Gecko) Chrome/101.0.4951.67 Safari/537.36"
::1 - - [22/May/2022:20:29:56 +0000] "GET /api/uploads/null HTTP/1.1" 404 155 "http://localhost:3006/" "Mozilla/5.0 (Windows NT 10.0; Win64; x64) AppleWebKit/537.36 (KHTML, like Gecko) Chrome/101.0.4951.67 Safari/537.36"
::1 - - [22/May/2022:20:29:57 +0000] "GET /api/uploads/busimage/resized/image-1649109276852.png HTTP/1.1" 404 191 "http://localhost:3006/" "Mozilla/5.0 (Windows NT 10.0; Win64; x64) AppleWebKit/537.36 (KHTML, like Gecko) Chrome/101.0.4951.67 Safari/537.36"
